This file contains any messages produced by compilers while
running configure, to aid debugging if configure makes a mistake.

It was created by configure, which was
generated by GNU Autoconf 2.68.  Invocation command line was

  $ ./configure --disable-option-checking --prefix=/usr/local --with-cocoa --cache-file=/dev/null --srcdir=.

## --------- ##
## Platform. ##
## --------- ##

hostname = stuart-mbp.local
uname -m = x86_64
uname -r = 15.2.0
uname -s = Darwin
uname -v = Darwin Kernel Version 15.2.0: Fri Nov 13 19:56:56 PST 2015; root:xnu-3248.20.55~2/RELEASE_X86_64

/usr/bin/uname -p = i386
/bin/uname -X     = unknown

/bin/arch              = unknown
/usr/bin/arch -k       = unknown
/usr/convex/getsysinfo = unknown
/usr/bin/hostinfo      = Mach kernel version:
	 Darwin Kernel Version 15.2.0: Fri Nov 13 19:56:56 PST 2015; root:xnu-3248.20.55~2/RELEASE_X86_64
Kernel configured for up to 8 processors.
4 processors are physically available.
8 processors are logically available.
Processor type: x86_64h (Intel x86-64h Haswell)
Processors active: 0 1 2 3 4 5 6 7
Primary memory available: 16.00 gigabytes
Default processor set: 388 tasks, 2026 threads, 8 processors
Load average: 2.11, Mach factor: 5.88
/bin/machine           = unknown
/usr/bin/oslevel       = unknown
/bin/universe          = unknown

PATH: /usr/local/bin
PATH: /usr/local/sbin
PATH: /usr/bin
PATH: /bin
PATH: /usr/sbin
PATH: /sbin
PATH: /usr/local/go/bin
PATH: /usr/local/php5/bin
PATH: /usr/X11/bin
PATH: /usr/local/git/bin
PATH: /Users//Users/stuartcarnie/bin
PATH: /Users/stuartcarnie/.composer/vendor/bin
PATH: /Users/stuartcarnie/go/bin


## ----------- ##
## Core tests. ##
## ----------- ##

configure:2141: checking for a BSD-compatible install
configure:2209: result: /usr/bin/install -c
configure:2220: checking whether build environment is sane
configure:2270: result: yes
configure:2411: checking for a thread-safe mkdir -p
configure:2450: result: ./../../install-sh -c -d
configure:2463: checking for gawk
configure:2493: result: no
configure:2463: checking for mawk
configure:2493: result: no
configure:2463: checking for nawk
configure:2493: result: no
configure:2463: checking for awk
configure:2479: found /usr/bin/awk
configure:2490: result: awk
configure:2501: checking whether make sets $(MAKE)
configure:2523: result: yes
configure:2687: checking for clang++
configure:2703: found /usr/bin/clang++
configure:2714: result: clang++
configure:2741: checking for C++ compiler version
configure:2750: clang++ --version >&5
Apple LLVM version 7.0.2 (clang-700.1.81)
Target: x86_64-apple-darwin15.2.0
Thread model: posix
configure:2761: $? = 0
configure:2750: clang++ -v >&5
Apple LLVM version 7.0.2 (clang-700.1.81)
Target: x86_64-apple-darwin15.2.0
Thread model: posix
configure:2761: $? = 0
configure:2750: clang++ -V >&5
clang: error: argument to '-V' is missing (expected 1 value)
clang: error: no input files
configure:2761: $? = 1
configure:2750: clang++ -qversion >&5
clang: error: unknown argument: '-qversion'
clang: error: no input files
configure:2761: $? = 1
configure:2781: checking whether the C++ compiler works
configure:2803: clang++    conftest.cpp  >&5
configure:2807: $? = 0
configure:2855: result: yes
configure:2858: checking for C++ compiler default output file name
configure:2860: result: a.out
configure:2866: checking for suffix of executables
configure:2873: clang++ -o conftest    conftest.cpp  >&5
configure:2877: $? = 0
configure:2899: result: 
configure:2921: checking whether we are cross compiling
configure:2929: clang++ -o conftest    conftest.cpp  >&5
configure:2933: $? = 0
configure:2940: ./conftest
configure:2944: $? = 0
configure:2959: result: no
configure:2964: checking for suffix of object files
configure:2986: clang++ -c   conftest.cpp >&5
configure:2990: $? = 0
configure:3011: result: o
configure:3015: checking whether we are using the GNU C++ compiler
configure:3034: clang++ -c   conftest.cpp >&5
configure:3034: $? = 0
configure:3043: result: yes
configure:3052: checking whether clang++ accepts -g
configure:3072: clang++ -c -g  conftest.cpp >&5
configure:3072: $? = 0
configure:3113: result: yes
configure:3147: checking for style of include used by make
configure:3175: result: GNU
configure:3201: checking dependency style of clang++
configure:3312: result: gcc3
configure:3331: checking whether the C++ compiler (clang++ -g -Wall -O2 -funroll-loops -fomit-frame-pointer -fno-exceptions ) works
configure:3345: clang++ -c -g -Wall -O2 -funroll-loops -fomit-frame-pointer -fno-exceptions  conftest.cpp >&5
conftest.cpp:15:5: warning: unused variable 'test' [-Wunused-variable]
int test;
    ^
1 warning generated.
configure:3345: $? = 0
configure:3346: result: yes
configure:3360: checking for ar
configure:3376: found /usr/bin/ar
configure:3388: result: ar
configure:3439: checking for ranlib
configure:3455: found /usr/bin/ranlib
configure:3466: result: ranlib
configure:3490: checking for perl
configure:3508: found /usr/bin/perl
configure:3520: result: /usr/bin/perl
configure:3538: checking how to run the C++ preprocessor
configure:3565: clang++ -E  conftest.cpp
configure:3565: $? = 0
configure:3579: clang++ -E  conftest.cpp
conftest.cpp:11:10: fatal error: 'ac_nonexistent.h' file not found
#include <ac_nonexistent.h>
         ^
1 error generated.
configure:3579: $? = 1
configure: failed program was:
| /* confdefs.h */
| #define PACKAGE_NAME ""
| #define PACKAGE_TARNAME ""
| #define PACKAGE_VERSION ""
| #define PACKAGE_STRING ""
| #define PACKAGE_BUGREPORT ""
| #define PACKAGE_URL ""
| #define PACKAGE "resid"
| #define VERSION "0.16vice"
| /* end confdefs.h.  */
| #include <ac_nonexistent.h>
configure:3604: result: clang++ -E
configure:3624: clang++ -E  conftest.cpp
configure:3624: $? = 0
configure:3638: clang++ -E  conftest.cpp
conftest.cpp:11:10: fatal error: 'ac_nonexistent.h' file not found
#include <ac_nonexistent.h>
         ^
1 error generated.
configure:3638: $? = 1
configure: failed program was:
| /* confdefs.h */
| #define PACKAGE_NAME ""
| #define PACKAGE_TARNAME ""
| #define PACKAGE_VERSION ""
| #define PACKAGE_STRING ""
| #define PACKAGE_BUGREPORT ""
| #define PACKAGE_URL ""
| #define PACKAGE "resid"
| #define VERSION "0.16vice"
| /* end confdefs.h.  */
| #include <ac_nonexistent.h>
configure:3667: checking for grep that handles long lines and -e
configure:3725: result: /usr/bin/grep
configure:3730: checking for egrep
configure:3792: result: /usr/bin/grep -E
configure:3797: checking for ANSI C header files
configure:3817: clang++ -c -g -Wall -O2 -funroll-loops -fomit-frame-pointer -fno-exceptions  conftest.cpp >&5
configure:3817: $? = 0
configure:3890: clang++ -o conftest -g -Wall -O2 -funroll-loops -fomit-frame-pointer -fno-exceptions   conftest.cpp  >&5
configure:3890: $? = 0
configure:3890: ./conftest
configure:3890: $? = 0
configure:3901: result: yes
configure:3914: checking for sys/types.h
configure:3914: clang++ -c -g -Wall -O2 -funroll-loops -fomit-frame-pointer -fno-exceptions  conftest.cpp >&5
configure:3914: $? = 0
configure:3914: result: yes
configure:3914: checking for sys/stat.h
configure:3914: clang++ -c -g -Wall -O2 -funroll-loops -fomit-frame-pointer -fno-exceptions  conftest.cpp >&5
configure:3914: $? = 0
configure:3914: result: yes
configure:3914: checking for stdlib.h
configure:3914: clang++ -c -g -Wall -O2 -funroll-loops -fomit-frame-pointer -fno-exceptions  conftest.cpp >&5
configure:3914: $? = 0
configure:3914: result: yes
configure:3914: checking for string.h
configure:3914: clang++ -c -g -Wall -O2 -funroll-loops -fomit-frame-pointer -fno-exceptions  conftest.cpp >&5
configure:3914: $? = 0
configure:3914: result: yes
configure:3914: checking for memory.h
configure:3914: clang++ -c -g -Wall -O2 -funroll-loops -fomit-frame-pointer -fno-exceptions  conftest.cpp >&5
configure:3914: $? = 0
configure:3914: result: yes
configure:3914: checking for strings.h
configure:3914: clang++ -c -g -Wall -O2 -funroll-loops -fomit-frame-pointer -fno-exceptions  conftest.cpp >&5
configure:3914: $? = 0
configure:3914: result: yes
configure:3914: checking for inttypes.h
configure:3914: clang++ -c -g -Wall -O2 -funroll-loops -fomit-frame-pointer -fno-exceptions  conftest.cpp >&5
configure:3914: $? = 0
configure:3914: result: yes
configure:3914: checking for stdint.h
configure:3914: clang++ -c -g -Wall -O2 -funroll-loops -fomit-frame-pointer -fno-exceptions  conftest.cpp >&5
configure:3914: $? = 0
configure:3914: result: yes
configure:3914: checking for unistd.h
configure:3914: clang++ -c -g -Wall -O2 -funroll-loops -fomit-frame-pointer -fno-exceptions  conftest.cpp >&5
configure:3914: $? = 0
configure:3914: result: yes
configure:3930: checking size of int
configure:3935: clang++ -o conftest -g -Wall -O2 -funroll-loops -fomit-frame-pointer -fno-exceptions   conftest.cpp  >&5
configure:3935: $? = 0
configure:3935: ./conftest
configure:3935: $? = 0
configure:3949: result: 4
configure:3964: checking for working bool
configure:3982: clang++ -c -g -Wall -O2 -funroll-loops -fomit-frame-pointer -fno-exceptions  conftest.cpp >&5
conftest.cpp:27:6: warning: unused variable 'flag' [-Wunused-variable]
bool flag;
     ^
1 warning generated.
configure:3982: $? = 0
configure:3989: result: yes
configure:4000: checking if the mmintrin.h include can be used
configure:4013: clang++ -c -g -Wall -O2 -funroll-loops -fomit-frame-pointer -fno-exceptions  conftest.cpp >&5
conftest.cpp:26:5: warning: unused variable 'test' [-Wunused-variable]
int test;
    ^
1 warning generated.
configure:4013: $? = 0
configure:4014: result: yes
configure:4228: creating ./config.status

## ---------------------- ##
## Running config.status. ##
## ---------------------- ##

This file was extended by config.status, which was
generated by GNU Autoconf 2.68.  Invocation command line was

  CONFIG_FILES    = 
  CONFIG_HEADERS  = 
  CONFIG_LINKS    = 
  CONFIG_COMMANDS = 
  $ ./config.status 

on stuart-mbp.local

config.status:792: creating Makefile
config.status:792: creating siddtvdefs.h
config.status:964: executing depfiles commands

## ---------------- ##
## Cache variables. ##
## ---------------- ##

ac_cv_cxx_bool=yes
ac_cv_cxx_compiler_gnu=yes
ac_cv_env_CCC_set=
ac_cv_env_CCC_value=
ac_cv_env_CPPFLAGS_set=
ac_cv_env_CPPFLAGS_value=
ac_cv_env_CXXCPP_set=
ac_cv_env_CXXCPP_value=
ac_cv_env_CXXFLAGS_set=
ac_cv_env_CXXFLAGS_value=
ac_cv_env_CXX_set=
ac_cv_env_CXX_value=
ac_cv_env_LDFLAGS_set=
ac_cv_env_LDFLAGS_value=
ac_cv_env_LIBS_set=
ac_cv_env_LIBS_value=
ac_cv_env_build_alias_set=
ac_cv_env_build_alias_value=
ac_cv_env_host_alias_set=
ac_cv_env_host_alias_value=
ac_cv_env_target_alias_set=
ac_cv_env_target_alias_value=
ac_cv_header_inttypes_h=yes
ac_cv_header_memory_h=yes
ac_cv_header_stdc=yes
ac_cv_header_stdint_h=yes
ac_cv_header_stdlib_h=yes
ac_cv_header_string_h=yes
ac_cv_header_strings_h=yes
ac_cv_header_sys_stat_h=yes
ac_cv_header_sys_types_h=yes
ac_cv_header_unistd_h=yes
ac_cv_objext=o
ac_cv_path_EGREP='/usr/bin/grep -E'
ac_cv_path_GREP=/usr/bin/grep
ac_cv_path_PERL=/usr/bin/perl
ac_cv_path_install='/usr/bin/install -c'
ac_cv_prog_AR=ar
ac_cv_prog_AWK=awk
ac_cv_prog_CXXCPP='clang++ -E'
ac_cv_prog_ac_ct_CXX=clang++
ac_cv_prog_ac_ct_RANLIB=ranlib
ac_cv_prog_cxx_g=yes
ac_cv_prog_make_make_set=yes
ac_cv_sizeof_int=4
am_cv_CXX_dependencies_compiler_type=gcc3

## ----------------- ##
## Output variables. ##
## ----------------- ##

ACLOCAL='${SHELL} /Users/stuartcarnie/projects/games/c64/vice-2.4.24/missing --run aclocal-1.11'
AMDEPBACKSLASH='\'
AMDEP_FALSE='#'
AMDEP_TRUE=''
AMTAR='$${TAR-tar}'
AR='ar'
AUTOCONF='${SHELL} /Users/stuartcarnie/projects/games/c64/vice-2.4.24/missing --run autoconf'
AUTOHEADER='${SHELL} /Users/stuartcarnie/projects/games/c64/vice-2.4.24/missing --run autoheader'
AUTOMAKE='${SHELL} /Users/stuartcarnie/projects/games/c64/vice-2.4.24/missing --run automake-1.11'
AWK='awk'
CPPFLAGS=''
CXX='clang++'
CXXCPP='clang++ -E'
CXXDEPMODE='depmode=gcc3'
CXXFLAGS='-g -Wall -O2 -funroll-loops -fomit-frame-pointer -fno-exceptions'
CYGPATH_W='echo'
DEFS='-DPACKAGE_NAME=\"\" -DPACKAGE_TARNAME=\"\" -DPACKAGE_VERSION=\"\" -DPACKAGE_STRING=\"\" -DPACKAGE_BUGREPORT=\"\" -DPACKAGE_URL=\"\" -DPACKAGE=\"resid\" -DVERSION=\"0.16vice\" -DSTDC_HEADERS=1 -DHAVE_SYS_TYPES_H=1 -DHAVE_SYS_STAT_H=1 -DHAVE_STDLIB_H=1 -DHAVE_STRING_H=1 -DHAVE_MEMORY_H=1 -DHAVE_STRINGS_H=1 -DHAVE_INTTYPES_H=1 -DHAVE_STDINT_H=1 -DHAVE_UNISTD_H=1 -DSIZEOF_INT=4'
DEPDIR='.deps'
ECHO_C='\c'
ECHO_N=''
ECHO_T=''
EGREP='/usr/bin/grep -E'
EXEEXT=''
GREP='/usr/bin/grep'
HAVE_MMINTRIN_H='1'
INSTALL_DATA='${INSTALL} -m 644'
INSTALL_PROGRAM='${INSTALL}'
INSTALL_SCRIPT='${INSTALL}'
INSTALL_STRIP_PROGRAM='$(install_sh) -c -s'
LDFLAGS=''
LIBOBJS=''
LIBS=''
LTLIBOBJS=''
MAKEINFO='${SHELL} /Users/stuartcarnie/projects/games/c64/vice-2.4.24/missing --run makeinfo'
MKDIR_P='./../../install-sh -c -d'
OBJEXT='o'
PACKAGE='resid'
PACKAGE_BUGREPORT=''
PACKAGE_NAME=''
PACKAGE_STRING=''
PACKAGE_TARNAME=''
PACKAGE_URL=''
PACKAGE_VERSION=''
PATH_SEPARATOR=':'
PERL='/usr/bin/perl'
RANLIB='ranlib'
RESID_HAVE_BOOL='1'
RESID_INLINE='inline'
RESID_INLINING='1'
SET_MAKE=''
SHELL='/bin/sh'
STRIP=''
VERSION='0.16vice'
ac_ct_CXX='clang++'
am__EXEEXT_FALSE=''
am__EXEEXT_TRUE='#'
am__fastdepCXX_FALSE='#'
am__fastdepCXX_TRUE=''
am__include='include'
am__isrc=''
am__leading_dot='.'
am__nodep='_no'
am__quote=''
am__tar='$${TAR-tar} chof - "$$tardir"'
am__untar='$${TAR-tar} xf -'
bindir='${exec_prefix}/bin'
build_alias=''
datadir='${datarootdir}'
datarootdir='${prefix}/share'
docdir='${datarootdir}/doc/${PACKAGE}'
dvidir='${docdir}'
exec_prefix='${prefix}'
host_alias=''
htmldir='${docdir}'
includedir='${prefix}/include'
infodir='${datarootdir}/info'
install_sh='${SHELL} /Users/stuartcarnie/projects/games/c64/vice-2.4.24/install-sh'
libdir='${exec_prefix}/lib'
libexecdir='${exec_prefix}/libexec'
localedir='${datarootdir}/locale'
localstatedir='${prefix}/var'
mandir='${datarootdir}/man'
mkdir_p='$(top_builddir)/./../../install-sh -c -d'
oldincludedir='/usr/include'
pdfdir='${docdir}'
prefix='/usr/local'
program_transform_name='s,x,x,'
psdir='${docdir}'
sbindir='${exec_prefix}/sbin'
sharedstatedir='${prefix}/com'
sysconfdir='${prefix}/etc'
target_alias=''

## ----------- ##
## confdefs.h. ##
## ----------- ##

/* confdefs.h */
#define PACKAGE_NAME ""
#define PACKAGE_TARNAME ""
#define PACKAGE_VERSION ""
#define PACKAGE_STRING ""
#define PACKAGE_BUGREPORT ""
#define PACKAGE_URL ""
#define PACKAGE "resid"
#define VERSION "0.16vice"
#define STDC_HEADERS 1
#define HAVE_SYS_TYPES_H 1
#define HAVE_SYS_STAT_H 1
#define HAVE_STDLIB_H 1
#define HAVE_STRING_H 1
#define HAVE_MEMORY_H 1
#define HAVE_STRINGS_H 1
#define HAVE_INTTYPES_H 1
#define HAVE_STDINT_H 1
#define HAVE_UNISTD_H 1
#define SIZEOF_INT 4

configure: exit 0
