This file contains any messages produced by compilers while
running configure, to aid debugging if configure makes a mistake.

It was created by configure, which was
generated by GNU Autoconf 2.68.  Invocation command line was

  $ ./configure --disable-option-checking --prefix=/usr/local --cache-file=/dev/null --srcdir=.

## --------- ##
## Platform. ##
## --------- ##

hostname = Daniels-Mac-Pro.local
uname -m = x86_64
uname -r = 12.4.0
uname -s = Darwin
uname -v = Darwin Kernel Version 12.4.0: Wed May  1 17:57:12 PDT 2013; root:xnu-2050.24.15~1/RELEASE_X86_64

/usr/bin/uname -p = i386
/bin/uname -X     = unknown

/bin/arch              = unknown
/usr/bin/arch -k       = unknown
/usr/convex/getsysinfo = unknown
/usr/bin/hostinfo      = Mach kernel version:
	 Darwin Kernel Version 12.4.0: Wed May  1 17:57:12 PDT 2013; root:xnu-2050.24.15~1/RELEASE_X86_64
Kernel configured for up to 4 processors.
4 processors are physically available.
4 processors are logically available.
Processor type: i486 (Intel 80486)
Processors active: 0 1 2 3
Primary memory available: 8.00 gigabytes
Default processor set: 143 tasks, 890 threads, 4 processors
Load average: 2.59, Mach factor: 1.49
/bin/machine           = unknown
/usr/bin/oslevel       = unknown
/bin/universe          = unknown

PATH: /usr/local/bin
PATH: /usr/bin
PATH: /bin
PATH: /usr/sbin
PATH: /sbin
PATH: /usr/local/bin
PATH: /opt/X11/bin


## ----------- ##
## Core tests. ##
## ----------- ##

configure:2273: checking for a BSD-compatible install
configure:2341: result: /usr/bin/install -c
configure:2352: checking whether build environment is sane
configure:2402: result: yes
configure:2543: checking for a thread-safe mkdir -p
configure:2582: result: ./../../install-sh -c -d
configure:2595: checking for gawk
configure:2625: result: no
configure:2595: checking for mawk
configure:2625: result: no
configure:2595: checking for nawk
configure:2625: result: no
configure:2595: checking for awk
configure:2611: found /usr/bin/awk
configure:2622: result: awk
configure:2633: checking whether make sets $(MAKE)
configure:2655: result: yes
configure:2748: checking build system type
configure:2762: result: i686-apple-darwin12.4.0
configure:2782: checking host system type
configure:2795: result: i686-apple-darwin12.4.0
configure:2900: checking for g++
configure:2916: found /usr/bin/g++
configure:2927: result: g++
configure:2954: checking for C++ compiler version
configure:2963: g++ --version >&5
i686-apple-darwin11-llvm-g++-4.2 (GCC) 4.2.1 (Based on Apple Inc. build 5658) (LLVM build 2336.11.00)
Copyright (C) 2007 Free Software Foundation, Inc.
This is free software; see the source for copying conditions.  There is NO
warranty; not even for MERCHANTABILITY or FITNESS FOR A PARTICULAR PURPOSE.

configure:2974: $? = 0
configure:2963: g++ -v >&5
Using built-in specs.
Target: i686-apple-darwin11
Configured with: /private/var/tmp/llvmgcc42/llvmgcc42-2336.11~182/src/configure --disable-checking --enable-werror --prefix=/Applications/Xcode.app/Contents/Developer/usr/llvm-gcc-4.2 --mandir=/share/man --enable-languages=c,objc,c++,obj-c++ --program-prefix=llvm- --program-transform-name=/^[cg][^.-]*$/s/$/-4.2/ --with-slibdir=/usr/lib --build=i686-apple-darwin11 --enable-llvm=/private/var/tmp/llvmgcc42/llvmgcc42-2336.11~182/dst-llvmCore/Developer/usr/local --program-prefix=i686-apple-darwin11- --host=x86_64-apple-darwin11 --target=i686-apple-darwin11 --with-gxx-include-dir=/usr/include/c++/4.2.1
Thread model: posix
gcc version 4.2.1 (Based on Apple Inc. build 5658) (LLVM build 2336.11.00)
configure:2974: $? = 0
configure:2963: g++ -V >&5
llvm-g++-4.2: argument to `-V' is missing
configure:2974: $? = 1
configure:2963: g++ -qversion >&5
i686-apple-darwin11-llvm-g++-4.2: no input files
configure:2974: $? = 1
configure:2994: checking whether the C++ compiler works
configure:3016: g++    conftest.cpp  >&5
configure:3020: $? = 0
configure:3068: result: yes
configure:3071: checking for C++ compiler default output file name
configure:3073: result: a.out
configure:3079: checking for suffix of executables
configure:3086: g++ -o conftest    conftest.cpp  >&5
configure:3090: $? = 0
configure:3112: result: 
configure:3134: checking whether we are cross compiling
configure:3142: g++ -o conftest    conftest.cpp  >&5
configure:3146: $? = 0
configure:3153: ./conftest
configure:3157: $? = 0
configure:3172: result: no
configure:3177: checking for suffix of object files
configure:3199: g++ -c   conftest.cpp >&5
configure:3203: $? = 0
configure:3224: result: o
configure:3228: checking whether we are using the GNU C++ compiler
configure:3247: g++ -c   conftest.cpp >&5
configure:3247: $? = 0
configure:3256: result: yes
configure:3265: checking whether g++ accepts -g
configure:3285: g++ -c -g  conftest.cpp >&5
configure:3285: $? = 0
configure:3326: result: yes
configure:3360: checking for style of include used by make
configure:3388: result: GNU
configure:3414: checking dependency style of g++
configure:3525: result: gcc3
configure:3545: checking whether the C++ compiler (g++ -g -Wall -O2 -msse ) works
configure:3559: g++ -c -g -Wall -O2 -msse  conftest.cpp >&5
conftest.cpp: In function 'int main()':
conftest.cpp:15: warning: unused variable 'test'
configure:3559: $? = 0
configure:3560: result: yes
configure:3581: checking whether the C++ compiler (g++ -g -Wall -O3 -ffast-math -msse -fno-exceptions ) works
configure:3594: g++ -c -g -Wall -O3 -ffast-math -msse -fno-exceptions  conftest.cpp >&5
conftest.cpp: In function 'int main()':
conftest.cpp:15: warning: unused variable 'test'
configure:3594: $? = 0
configure:3595: result: yes
configure:3611: checking whether the C++ compiler (g++ -g -Wall -O3 -ffast-math -msse -fno-exceptions -fno-exceptions -fno-pic ) works
configure:3624: g++ -c -g -Wall -O3 -ffast-math -msse -fno-exceptions -fno-exceptions -fno-pic  conftest.cpp >&5
conftest.cpp: In function 'int main()':
conftest.cpp:15: warning: unused variable 'test'
configure:3624: $? = 0
configure:3625: result: yes
configure:3641: checking if the xmmintrin.h include can be used
configure:3654: g++ -c -g -Wall -O3 -ffast-math -msse -fno-exceptions -fno-pic  conftest.cpp >&5
conftest.cpp: In function 'int main()':
conftest.cpp:15: warning: unused variable 'test'
configure:3654: $? = 0
configure:3655: result: yes
configure:3671: checking for ar
configure:3687: found /usr/bin/ar
configure:3699: result: ar
configure:3750: checking for ranlib
configure:3766: found /usr/bin/ranlib
configure:3777: result: ranlib
configure:3801: checking for perl
configure:3819: found /usr/bin/perl
configure:3831: result: /usr/bin/perl
configure:3849: checking how to run the C++ preprocessor
configure:3876: g++ -E  conftest.cpp
configure:3876: $? = 0
configure:3890: g++ -E  conftest.cpp
conftest.cpp:11:28: error: ac_nonexistent.h: No such file or directory
configure:3890: $? = 1
configure: failed program was:
| /* confdefs.h */
| #define PACKAGE_NAME ""
| #define PACKAGE_TARNAME ""
| #define PACKAGE_VERSION ""
| #define PACKAGE_STRING ""
| #define PACKAGE_BUGREPORT ""
| #define PACKAGE_URL ""
| #define PACKAGE "resid"
| #define VERSION "0.16vice"
| /* end confdefs.h.  */
| #include <ac_nonexistent.h>
configure:3915: result: g++ -E
configure:3935: g++ -E  conftest.cpp
configure:3935: $? = 0
configure:3949: g++ -E  conftest.cpp
conftest.cpp:11:28: error: ac_nonexistent.h: No such file or directory
configure:3949: $? = 1
configure: failed program was:
| /* confdefs.h */
| #define PACKAGE_NAME ""
| #define PACKAGE_TARNAME ""
| #define PACKAGE_VERSION ""
| #define PACKAGE_STRING ""
| #define PACKAGE_BUGREPORT ""
| #define PACKAGE_URL ""
| #define PACKAGE "resid"
| #define VERSION "0.16vice"
| /* end confdefs.h.  */
| #include <ac_nonexistent.h>
configure:3978: checking for grep that handles long lines and -e
configure:4036: result: /usr/bin/grep
configure:4041: checking for egrep
configure:4103: result: /usr/bin/grep -E
configure:4108: checking for ANSI C header files
configure:4128: g++ -c -g -Wall -O3 -ffast-math -fno-exceptions -fno-pic  conftest.cpp >&5
configure:4128: $? = 0
configure:4201: g++ -o conftest -g -Wall -O3 -ffast-math -fno-exceptions -fno-pic   conftest.cpp  >&5
configure:4201: $? = 0
configure:4201: ./conftest
configure:4201: $? = 0
configure:4212: result: yes
configure:4225: checking for sys/types.h
configure:4225: g++ -c -g -Wall -O3 -ffast-math -fno-exceptions -fno-pic  conftest.cpp >&5
configure:4225: $? = 0
configure:4225: result: yes
configure:4225: checking for sys/stat.h
configure:4225: g++ -c -g -Wall -O3 -ffast-math -fno-exceptions -fno-pic  conftest.cpp >&5
configure:4225: $? = 0
configure:4225: result: yes
configure:4225: checking for stdlib.h
configure:4225: g++ -c -g -Wall -O3 -ffast-math -fno-exceptions -fno-pic  conftest.cpp >&5
configure:4225: $? = 0
configure:4225: result: yes
configure:4225: checking for string.h
configure:4225: g++ -c -g -Wall -O3 -ffast-math -fno-exceptions -fno-pic  conftest.cpp >&5
configure:4225: $? = 0
configure:4225: result: yes
configure:4225: checking for memory.h
configure:4225: g++ -c -g -Wall -O3 -ffast-math -fno-exceptions -fno-pic  conftest.cpp >&5
configure:4225: $? = 0
configure:4225: result: yes
configure:4225: checking for strings.h
configure:4225: g++ -c -g -Wall -O3 -ffast-math -fno-exceptions -fno-pic  conftest.cpp >&5
configure:4225: $? = 0
configure:4225: result: yes
configure:4225: checking for inttypes.h
configure:4225: g++ -c -g -Wall -O3 -ffast-math -fno-exceptions -fno-pic  conftest.cpp >&5
configure:4225: $? = 0
configure:4225: result: yes
configure:4225: checking for stdint.h
configure:4225: g++ -c -g -Wall -O3 -ffast-math -fno-exceptions -fno-pic  conftest.cpp >&5
configure:4225: $? = 0
configure:4225: result: yes
configure:4225: checking for unistd.h
configure:4225: g++ -c -g -Wall -O3 -ffast-math -fno-exceptions -fno-pic  conftest.cpp >&5
configure:4225: $? = 0
configure:4225: result: yes
configure:4241: checking size of int
configure:4246: g++ -o conftest -g -Wall -O3 -ffast-math -fno-exceptions -fno-pic   conftest.cpp  >&5
configure:4246: $? = 0
configure:4246: ./conftest
configure:4246: $? = 0
configure:4260: result: 4
configure:4275: checking for working bool
configure:4293: g++ -c -g -Wall -O3 -ffast-math -fno-exceptions -fno-pic  conftest.cpp >&5
conftest.cpp: In function 'int main()':
conftest.cpp:27: warning: unused variable 'flag'
configure:4293: $? = 0
configure:4300: result: yes
configure:4338: checking for logf
configure:4338: g++ -o conftest -g -Wall -O3 -ffast-math -fno-exceptions -fno-pic   conftest.cpp  >&5
configure:4338: $? = 0
configure:4338: result: yes
configure:4338: checking for expf
configure:4338: g++ -o conftest -g -Wall -O3 -ffast-math -fno-exceptions -fno-pic   conftest.cpp  >&5
configure:4338: $? = 0
configure:4338: result: yes
configure:4349: checking if the logf prototype is present
configure:4363: g++ -c -g -Wall -O3 -ffast-math -fno-exceptions -fno-pic  conftest.cpp >&5
conftest.cpp: In function 'int main()':
conftest.cpp:29: warning: format '%d' expects type 'int', but argument 2 has type 'float (*)(float)'
conftest.cpp:29: warning: format '%d' expects type 'int', but argument 2 has type 'float (*)(float)'
configure:4363: $? = 0
configure:4364: result: yes
configure:4376: checking if the expf prototype is present
configure:4390: g++ -c -g -Wall -O3 -ffast-math -fno-exceptions -fno-pic  conftest.cpp >&5
conftest.cpp: In function 'int main()':
conftest.cpp:29: warning: format '%d' expects type 'int', but argument 2 has type 'float (*)(float)'
conftest.cpp:29: warning: format '%d' expects type 'int', but argument 2 has type 'float (*)(float)'
configure:4390: $? = 0
configure:4391: result: yes
configure:4582: creating ./config.status

## ---------------------- ##
## Running config.status. ##
## ---------------------- ##

This file was extended by config.status, which was
generated by GNU Autoconf 2.68.  Invocation command line was

  CONFIG_FILES    = 
  CONFIG_HEADERS  = 
  CONFIG_LINKS    = 
  CONFIG_COMMANDS = 
  $ ./config.status 

on Daniels-Mac-Pro.local

config.status:803: creating Makefile
config.status:803: creating siddefs-fp.h
config.status:975: executing depfiles commands

## ---------------- ##
## Cache variables. ##
## ---------------- ##

ac_cv_build=i686-apple-darwin12.4.0
ac_cv_cxx_bool=yes
ac_cv_cxx_compiler_gnu=yes
ac_cv_env_CCC_set=
ac_cv_env_CCC_value=
ac_cv_env_CPPFLAGS_set=
ac_cv_env_CPPFLAGS_value=
ac_cv_env_CXXCPP_set=
ac_cv_env_CXXCPP_value=
ac_cv_env_CXXFLAGS_set=
ac_cv_env_CXXFLAGS_value=
ac_cv_env_CXX_set=
ac_cv_env_CXX_value=
ac_cv_env_LDFLAGS_set=
ac_cv_env_LDFLAGS_value=
ac_cv_env_LIBS_set=
ac_cv_env_LIBS_value=
ac_cv_env_build_alias_set=
ac_cv_env_build_alias_value=
ac_cv_env_host_alias_set=
ac_cv_env_host_alias_value=
ac_cv_env_target_alias_set=
ac_cv_env_target_alias_value=
ac_cv_func_expf=yes
ac_cv_func_logf=yes
ac_cv_header_inttypes_h=yes
ac_cv_header_memory_h=yes
ac_cv_header_stdc=yes
ac_cv_header_stdint_h=yes
ac_cv_header_stdlib_h=yes
ac_cv_header_string_h=yes
ac_cv_header_strings_h=yes
ac_cv_header_sys_stat_h=yes
ac_cv_header_sys_types_h=yes
ac_cv_header_unistd_h=yes
ac_cv_host=i686-apple-darwin12.4.0
ac_cv_objext=o
ac_cv_path_EGREP='/usr/bin/grep -E'
ac_cv_path_GREP=/usr/bin/grep
ac_cv_path_PERL=/usr/bin/perl
ac_cv_path_install='/usr/bin/install -c'
ac_cv_prog_AR=ar
ac_cv_prog_AWK=awk
ac_cv_prog_CXXCPP='g++ -E'
ac_cv_prog_ac_ct_CXX=g++
ac_cv_prog_ac_ct_RANLIB=ranlib
ac_cv_prog_cxx_g=yes
ac_cv_prog_make_make_set=yes
ac_cv_sizeof_int=4
am_cv_CXX_dependencies_compiler_type=gcc3

## ----------------- ##
## Output variables. ##
## ----------------- ##

ACLOCAL='${SHELL} /Users/danielnagel/Downloads/vice-2.4/missing --run aclocal-1.11'
AMDEPBACKSLASH='\'
AMDEP_FALSE='#'
AMDEP_TRUE=''
AMTAR='$${TAR-tar}'
AR='ar'
AUTOCONF='${SHELL} /Users/danielnagel/Downloads/vice-2.4/missing --run autoconf'
AUTOHEADER='${SHELL} /Users/danielnagel/Downloads/vice-2.4/missing --run autoheader'
AUTOMAKE='${SHELL} /Users/danielnagel/Downloads/vice-2.4/missing --run automake-1.11'
AWK='awk'
CPPFLAGS=''
CXX='g++'
CXXCPP='g++ -E'
CXXDEPMODE='depmode=gcc3'
CXXFLAGS='-g -Wall -O3 -ffast-math -fno-exceptions -fno-pic'
CYGPATH_W='echo'
DEFS='-DPACKAGE_NAME=\"\" -DPACKAGE_TARNAME=\"\" -DPACKAGE_VERSION=\"\" -DPACKAGE_STRING=\"\" -DPACKAGE_BUGREPORT=\"\" -DPACKAGE_URL=\"\" -DPACKAGE=\"resid\" -DVERSION=\"0.16vice\" -DSTDC_HEADERS=1 -DHAVE_SYS_TYPES_H=1 -DHAVE_SYS_STAT_H=1 -DHAVE_STDLIB_H=1 -DHAVE_STRING_H=1 -DHAVE_MEMORY_H=1 -DHAVE_STRINGS_H=1 -DHAVE_INTTYPES_H=1 -DHAVE_STDINT_H=1 -DHAVE_UNISTD_H=1 -DSIZEOF_INT=4 -DHAVE_LOGF=1 -DHAVE_EXPF=1'
DEPDIR='.deps'
ECHO_C='\c'
ECHO_N=''
ECHO_T=''
EGREP='/usr/bin/grep -E'
EXEEXT=''
GREP='/usr/bin/grep'
HAVE_EXPF_PROTOTYPE='1'
HAVE_LOGF_PROTOTYPE='1'
INSTALL_DATA='${INSTALL} -m 644'
INSTALL_PROGRAM='${INSTALL}'
INSTALL_SCRIPT='${INSTALL}'
INSTALL_STRIP_PROGRAM='$(install_sh) -c -s'
LDFLAGS=''
LIBOBJS=''
LIBS=''
LTLIBOBJS=''
MAKEINFO='${SHELL} /Users/danielnagel/Downloads/vice-2.4/missing --run makeinfo'
MKDIR_P='./../../install-sh -c -d'
OBJEXT='o'
PACKAGE='resid'
PACKAGE_BUGREPORT=''
PACKAGE_NAME=''
PACKAGE_STRING=''
PACKAGE_TARNAME=''
PACKAGE_URL=''
PACKAGE_VERSION=''
PATH_SEPARATOR=':'
PERL='/usr/bin/perl'
RANLIB='ranlib'
RESID_HAVE_BOOL='1'
RESID_INLINE='inline'
RESID_USE_SSE='1'
SET_MAKE=''
SHELL='/bin/sh'
STRIP=''
USE_SSE_FALSE='#'
USE_SSE_TRUE=''
VERSION='0.16vice'
ac_ct_CXX='g++'
am__EXEEXT_FALSE=''
am__EXEEXT_TRUE='#'
am__fastdepCXX_FALSE='#'
am__fastdepCXX_TRUE=''
am__include='include'
am__isrc=''
am__leading_dot='.'
am__nodep='_no'
am__quote=''
am__tar='$${TAR-tar} chof - "$$tardir"'
am__untar='$${TAR-tar} xf -'
bindir='${exec_prefix}/bin'
build='i686-apple-darwin12.4.0'
build_alias=''
build_cpu='i686'
build_os='darwin12.4.0'
build_vendor='apple'
datadir='${datarootdir}'
datarootdir='${prefix}/share'
docdir='${datarootdir}/doc/${PACKAGE}'
dvidir='${docdir}'
exec_prefix='${prefix}'
host='i686-apple-darwin12.4.0'
host_alias=''
host_cpu='i686'
host_os='darwin12.4.0'
host_vendor='apple'
htmldir='${docdir}'
includedir='${prefix}/include'
infodir='${datarootdir}/info'
install_sh='${SHELL} /Users/danielnagel/Downloads/vice-2.4/install-sh'
libdir='${exec_prefix}/lib'
libexecdir='${exec_prefix}/libexec'
localedir='${datarootdir}/locale'
localstatedir='${prefix}/var'
mandir='${datarootdir}/man'
mkdir_p='$(top_builddir)/./../../install-sh -c -d'
oldincludedir='/usr/include'
pdfdir='${docdir}'
prefix='/usr/local'
program_transform_name='s,x,x,'
psdir='${docdir}'
sbindir='${exec_prefix}/sbin'
sharedstatedir='${prefix}/com'
sysconfdir='${prefix}/etc'
target_alias=''

## ----------- ##
## confdefs.h. ##
## ----------- ##

/* confdefs.h */
#define PACKAGE_NAME ""
#define PACKAGE_TARNAME ""
#define PACKAGE_VERSION ""
#define PACKAGE_STRING ""
#define PACKAGE_BUGREPORT ""
#define PACKAGE_URL ""
#define PACKAGE "resid"
#define VERSION "0.16vice"
#define STDC_HEADERS 1
#define HAVE_SYS_TYPES_H 1
#define HAVE_SYS_STAT_H 1
#define HAVE_STDLIB_H 1
#define HAVE_STRING_H 1
#define HAVE_MEMORY_H 1
#define HAVE_STRINGS_H 1
#define HAVE_INTTYPES_H 1
#define HAVE_STDINT_H 1
#define HAVE_UNISTD_H 1
#define SIZEOF_INT 4
#define HAVE_LOGF 1
#define HAVE_EXPF 1

configure: exit 0
