This file contains any messages produced by compilers while
running configure, to aid debugging if configure makes a mistake.

It was created by reSID configure 1.0-pre2, which was
generated by GNU Autoconf 2.69.  Invocation command line was

  $ ./configure --disable-option-checking --prefix=/usr/local --without-readline --without-pulse --without-alsa --without-oss --without-sun --without-jpeg --without-png --without-gif --disable-ahi --disable-lame --disable-parsid --disable-hardsid --disable-catweasel --disable-ssi2001 --disable-realdevice --disable-rs232 --disable-midi --enable-sdlui2 --cache-file=/dev/null --srcdir=.

## --------- ##
## Platform. ##
## --------- ##

hostname = stuart-influx.local
uname -m = x86_64
uname -r = 19.3.0
uname -s = Darwin
uname -v = Darwin Kernel Version 19.3.0: Thu Jan  9 20:58:23 PST 2020; root:xnu-6153.81.5~1/RELEASE_X86_64

/usr/bin/uname -p = i386
/bin/uname -X     = unknown

/bin/arch              = unknown
/usr/bin/arch -k       = unknown
/usr/convex/getsysinfo = unknown
/usr/bin/hostinfo      = Mach kernel version:
	 Darwin Kernel Version 19.3.0: Thu Jan  9 20:58:23 PST 2020; root:xnu-6153.81.5~1/RELEASE_X86_64
Kernel configured for up to 16 processors.
8 processors are physically available.
16 processors are logically available.
Processor type: x86_64h (Intel x86-64h Haswell)
Processors active: 0 1 2 3 4 5 6 7 8 9 10 11 12 13 14 15
Primary memory available: 32.00 gigabytes
Default processor set: 682 tasks, 2919 threads, 16 processors
Load average: 2.34, Mach factor: 13.64
/bin/machine           = unknown
/usr/bin/oslevel       = unknown
/bin/universe          = unknown

PATH: /usr/local/bin
PATH: /usr/local/sbin
PATH: /usr/local/opt/gnu-tar/libexec/gnubin
PATH: /usr/local/opt/sqlite/bin
PATH: /Users/stuartcarnie/.gem/ruby/2.3.0/bin
PATH: /Users/stuartcarnie/.krew/bin
PATH: /usr/bin
PATH: /bin
PATH: /usr/sbin
PATH: /sbin
PATH: /Applications/VMware Fusion.app/Contents/Public
PATH: /usr/local/go/bin
PATH: /Applications/Wireshark.app/Contents/MacOS
PATH: /Users/stuartcarnie/bin
PATH: /Users/stuartcarnie/go/bin
PATH: /Users/stuartcarnie/.cargo/bin
PATH: /usr/local/opt/fzf/bin


## ----------- ##
## Core tests. ##
## ----------- ##

configure:2294: checking for a BSD-compatible install
configure:2362: result: /usr/local/bin/ginstall -c
configure:2373: checking whether build environment is sane
configure:2428: result: yes
configure:2579: checking for a thread-safe mkdir -p
configure:2618: result: /usr/local/bin/gmkdir -p
configure:2625: checking for gawk
configure:2655: result: no
configure:2625: checking for mawk
configure:2641: found /usr/local/bin/mawk
configure:2652: result: mawk
configure:2663: checking whether make sets $(MAKE)
configure:2685: result: yes
configure:2714: checking whether make supports nested variables
configure:2731: result: yes
configure:2870: checking build system type
configure:2884: result: x86_64-apple-darwin19.3.0
configure:2904: checking host system type
configure:2917: result: x86_64-apple-darwin19.3.0
configure:3065: checking for g++
configure:3081: found /usr/bin/g++
configure:3092: result: g++
configure:3119: checking for C++ compiler version
configure:3128: g++ --version >&5
Apple clang version 11.0.0 (clang-1100.0.33.17)
Target: x86_64-apple-darwin19.3.0
Thread model: posix
InstalledDir: /Applications/Xcode.app/Contents/Developer/Toolchains/XcodeDefault.xctoolchain/usr/bin
Configured with: --prefix=/Applications/Xcode.app/Contents/Developer/usr --with-gxx-include-dir=/Applications/Xcode.app/Contents/Developer/Platforms/MacOSX.platform/Developer/SDKs/MacOSX.sdk/usr/include/c++/4.2.1
configure:3139: $? = 0
configure:3128: g++ -v >&5
Configured with: --prefix=/Applications/Xcode.app/Contents/Developer/usr --with-gxx-include-dir=/Applications/Xcode.app/Contents/Developer/Platforms/MacOSX.platform/Developer/SDKs/MacOSX.sdk/usr/include/c++/4.2.1
Apple clang version 11.0.0 (clang-1100.0.33.17)
Target: x86_64-apple-darwin19.3.0
Thread model: posix
InstalledDir: /Applications/Xcode.app/Contents/Developer/Toolchains/XcodeDefault.xctoolchain/usr/bin
configure:3139: $? = 0
configure:3128: g++ -V >&5
clang: error: unsupported option '-V -Wno-framework-include-private-from-public'
clang: error: no input files
configure:3139: $? = 1
configure:3128: g++ -qversion >&5
clang: error: unknown argument '-qversion', did you mean '--version'?
clang: error: no input files
configure:3139: $? = 1
configure:3159: checking whether the C++ compiler works
configure:3181: g++    conftest.cpp  >&5
configure:3185: $? = 0
configure:3233: result: yes
configure:3236: checking for C++ compiler default output file name
configure:3238: result: a.out
configure:3244: checking for suffix of executables
configure:3251: g++ -o conftest    conftest.cpp  >&5
configure:3255: $? = 0
configure:3277: result: 
configure:3299: checking whether we are cross compiling
configure:3307: g++ -o conftest    conftest.cpp  >&5
configure:3311: $? = 0
configure:3318: ./conftest
configure:3322: $? = 0
configure:3337: result: no
configure:3342: checking for suffix of object files
configure:3364: g++ -c   conftest.cpp >&5
configure:3368: $? = 0
configure:3389: result: o
configure:3393: checking whether we are using the GNU C++ compiler
configure:3412: g++ -c   conftest.cpp >&5
configure:3412: $? = 0
configure:3421: result: yes
configure:3430: checking whether g++ accepts -g
configure:3450: g++ -c -g  conftest.cpp >&5
configure:3450: $? = 0
configure:3491: result: yes
configure:3517: checking whether make supports the include directive
configure:3532: make -f confmf.GNU && cat confinc.out
this is the am__doit target
configure:3535: $? = 0
configure:3554: result: yes (GNU style)
configure:3579: checking dependency style of g++
configure:3690: result: gcc3
configure:3710: checking if the compiler supports -march=native
configure:3726: g++ -c -g -O2 -march=native  conftest.cpp >&5
configure:3726: $? = 0
configure:3727: result: yes
configure:3770: checking whether g++ accepts -g -Wall -O3 -march=native -ffast-math -fno-exceptions
configure:3776: g++ -c -g -Wall -O3 -march=native -ffast-math -fno-exceptions  conftest.cpp >&5
configure:3776: $? = 0
configure:3777: result: yes
configure:3812: checking for ar
configure:3828: found /usr/bin/ar
configure:3840: result: ar
configure:3891: checking for ranlib
configure:3907: found /usr/bin/ranlib
configure:3918: result: ranlib
configure:3942: checking for perl
configure:3960: found /usr/bin/perl
configure:3972: result: /usr/bin/perl
configure:3987: checking how to run the C++ preprocessor
configure:4014: g++ -E  conftest.cpp
configure:4014: $? = 0
configure:4028: g++ -E  conftest.cpp
conftest.cpp:11:10: fatal error: 'ac_nonexistent.h' file not found
#include <ac_nonexistent.h>
         ^~~~~~~~~~~~~~~~~~
1 error generated.
configure:4028: $? = 1
configure: failed program was:
| /* confdefs.h */
| #define PACKAGE_NAME "reSID"
| #define PACKAGE_TARNAME "resid"
| #define PACKAGE_VERSION "1.0-pre2"
| #define PACKAGE_STRING "reSID 1.0-pre2"
| #define PACKAGE_BUGREPORT "resid@nimrod.no"
| #define PACKAGE_URL ""
| #define PACKAGE "resid"
| #define VERSION "1.0-pre2"
| /* end confdefs.h.  */
| #include <ac_nonexistent.h>
configure:4053: result: g++ -E
configure:4073: g++ -E  conftest.cpp
configure:4073: $? = 0
configure:4087: g++ -E  conftest.cpp
conftest.cpp:11:10: fatal error: 'ac_nonexistent.h' file not found
#include <ac_nonexistent.h>
         ^~~~~~~~~~~~~~~~~~
1 error generated.
configure:4087: $? = 1
configure: failed program was:
| /* confdefs.h */
| #define PACKAGE_NAME "reSID"
| #define PACKAGE_TARNAME "resid"
| #define PACKAGE_VERSION "1.0-pre2"
| #define PACKAGE_STRING "reSID 1.0-pre2"
| #define PACKAGE_BUGREPORT "resid@nimrod.no"
| #define PACKAGE_URL ""
| #define PACKAGE "resid"
| #define VERSION "1.0-pre2"
| /* end confdefs.h.  */
| #include <ac_nonexistent.h>
configure:4116: checking for grep that handles long lines and -e
configure:4174: result: /usr/bin/grep
configure:4179: checking for egrep
configure:4241: result: /usr/bin/grep -E
configure:4246: checking for ANSI C header files
configure:4266: g++ -c -g -Wall -O3 -march=native -ffast-math -fno-exceptions -mmacosx-version-min=10.9  conftest.cpp >&5
configure:4266: $? = 0
configure:4339: g++ -o conftest -g -Wall -O3 -march=native -ffast-math -fno-exceptions -mmacosx-version-min=10.9   conftest.cpp  >&5
configure:4339: $? = 0
configure:4339: ./conftest
configure:4339: $? = 0
configure:4350: result: yes
configure:4363: checking for sys/types.h
configure:4363: g++ -c -g -Wall -O3 -march=native -ffast-math -fno-exceptions -mmacosx-version-min=10.9  conftest.cpp >&5
configure:4363: $? = 0
configure:4363: result: yes
configure:4363: checking for sys/stat.h
configure:4363: g++ -c -g -Wall -O3 -march=native -ffast-math -fno-exceptions -mmacosx-version-min=10.9  conftest.cpp >&5
configure:4363: $? = 0
configure:4363: result: yes
configure:4363: checking for stdlib.h
configure:4363: g++ -c -g -Wall -O3 -march=native -ffast-math -fno-exceptions -mmacosx-version-min=10.9  conftest.cpp >&5
configure:4363: $? = 0
configure:4363: result: yes
configure:4363: checking for string.h
configure:4363: g++ -c -g -Wall -O3 -march=native -ffast-math -fno-exceptions -mmacosx-version-min=10.9  conftest.cpp >&5
configure:4363: $? = 0
configure:4363: result: yes
configure:4363: checking for memory.h
configure:4363: g++ -c -g -Wall -O3 -march=native -ffast-math -fno-exceptions -mmacosx-version-min=10.9  conftest.cpp >&5
configure:4363: $? = 0
configure:4363: result: yes
configure:4363: checking for strings.h
configure:4363: g++ -c -g -Wall -O3 -march=native -ffast-math -fno-exceptions -mmacosx-version-min=10.9  conftest.cpp >&5
configure:4363: $? = 0
configure:4363: result: yes
configure:4363: checking for inttypes.h
configure:4363: g++ -c -g -Wall -O3 -march=native -ffast-math -fno-exceptions -mmacosx-version-min=10.9  conftest.cpp >&5
configure:4363: $? = 0
configure:4363: result: yes
configure:4363: checking for stdint.h
configure:4363: g++ -c -g -Wall -O3 -march=native -ffast-math -fno-exceptions -mmacosx-version-min=10.9  conftest.cpp >&5
configure:4363: $? = 0
configure:4363: result: yes
configure:4363: checking for unistd.h
configure:4363: g++ -c -g -Wall -O3 -march=native -ffast-math -fno-exceptions -mmacosx-version-min=10.9  conftest.cpp >&5
configure:4363: $? = 0
configure:4363: result: yes
configure:4375: checking math.h usability
configure:4375: g++ -c -g -Wall -O3 -march=native -ffast-math -fno-exceptions -mmacosx-version-min=10.9  conftest.cpp >&5
configure:4375: $? = 0
configure:4375: result: yes
configure:4375: checking math.h presence
configure:4375: g++ -E  conftest.cpp
configure:4375: $? = 0
configure:4375: result: yes
configure:4375: checking for math.h
configure:4375: result: yes
configure:4388: checking size of int
configure:4393: g++ -o conftest -g -Wall -O3 -march=native -ffast-math -fno-exceptions -mmacosx-version-min=10.9   conftest.cpp  >&5
configure:4393: $? = 0
configure:4393: ./conftest
configure:4393: $? = 0
configure:4407: result: 4
configure:4422: checking for working bool
configure:4431: g++ -c -g -Wall -O3 -march=native -ffast-math -fno-exceptions -mmacosx-version-min=10.9  conftest.cpp >&5
configure:4431: $? = 0
configure:4438: result: yes
configure:4449: checking for __builtin_expect
configure:4458: g++ -c -g -Wall -O3 -march=native -ffast-math -fno-exceptions -mmacosx-version-min=10.9  conftest.cpp >&5
conftest.cpp:22:14: warning: ignoring return value of function declared with const attribute [-Wunused-value]
int main() { __builtin_expect(0, 0); }
             ^~~~~~~~~~~~~~~~ ~~~~
1 warning generated.
configure:4458: $? = 0
configure:4465: result: yes
configure:4476: checking for log1p
configure:4492: g++ -c -g -Wall -O3 -march=native -ffast-math -fno-exceptions -mmacosx-version-min=10.9  conftest.cpp >&5
configure:4492: $? = 0
configure:4499: result: yes
configure:4657: checking that generated files are newer than configure
configure:4663: result: done
configure:4690: creating ./config.status

## ---------------------- ##
## Running config.status. ##
## ---------------------- ##

This file was extended by reSID config.status 1.0-pre2, which was
generated by GNU Autoconf 2.69.  Invocation command line was

  CONFIG_FILES    = 
  CONFIG_HEADERS  = 
  CONFIG_LINKS    = 
  CONFIG_COMMANDS = 
  $ ./config.status 

on stuart-influx.local

config.status:797: creating Makefile
config.status:797: creating siddefs.h
config.status:969: executing depfiles commands
config.status:1046: cd .       && sed -e '/# am--include-marker/d' Makefile         | make -f - am--depfiles
make: Nothing to be done for `am--depfiles'.
config.status:1051: $? = 0

## ---------------- ##
## Cache variables. ##
## ---------------- ##

ac_cv_build=x86_64-apple-darwin19.3.0
ac_cv_cxx_compiler_gnu=yes
ac_cv_env_CCC_set=
ac_cv_env_CCC_value=
ac_cv_env_CPPFLAGS_set=
ac_cv_env_CPPFLAGS_value=
ac_cv_env_CXXCPP_set=
ac_cv_env_CXXCPP_value=
ac_cv_env_CXXFLAGS_set=
ac_cv_env_CXXFLAGS_value=
ac_cv_env_CXX_set=
ac_cv_env_CXX_value=
ac_cv_env_LDFLAGS_set=
ac_cv_env_LDFLAGS_value=
ac_cv_env_LIBS_set=
ac_cv_env_LIBS_value=
ac_cv_env_build_alias_set=
ac_cv_env_build_alias_value=
ac_cv_env_host_alias_set=
ac_cv_env_host_alias_value=
ac_cv_env_target_alias_set=
ac_cv_env_target_alias_value=
ac_cv_header_inttypes_h=yes
ac_cv_header_math_h=yes
ac_cv_header_memory_h=yes
ac_cv_header_stdc=yes
ac_cv_header_stdint_h=yes
ac_cv_header_stdlib_h=yes
ac_cv_header_string_h=yes
ac_cv_header_strings_h=yes
ac_cv_header_sys_stat_h=yes
ac_cv_header_sys_types_h=yes
ac_cv_header_unistd_h=yes
ac_cv_host=x86_64-apple-darwin19.3.0
ac_cv_objext=o
ac_cv_path_EGREP='/usr/bin/grep -E'
ac_cv_path_GREP=/usr/bin/grep
ac_cv_path_PERL=/usr/bin/perl
ac_cv_path_install='/usr/local/bin/ginstall -c'
ac_cv_path_mkdir=/usr/local/bin/gmkdir
ac_cv_prog_AR=ar
ac_cv_prog_AWK=mawk
ac_cv_prog_CXXCPP='g++ -E'
ac_cv_prog_ac_ct_CXX=g++
ac_cv_prog_ac_ct_RANLIB=ranlib
ac_cv_prog_cxx_g=yes
ac_cv_prog_make_make_set=yes
ac_cv_sizeof_int=4
am_cv_CXX_dependencies_compiler_type=gcc3
am_cv_make_support_nested_variables=yes
resid_cv_builtin_expect=yes
resid_cv_cxx_bool=yes
resid_cv_log1p=yes

## ----------------- ##
## Output variables. ##
## ----------------- ##

ACLOCAL='${SHELL} /Volumes/Data/projects/emulators/vice-3.4/missing aclocal-1.16'
AMDEPBACKSLASH='\'
AMDEP_FALSE='#'
AMDEP_TRUE=''
AMTAR='$${TAR-tar}'
AM_BACKSLASH='\'
AM_DEFAULT_V='$(AM_DEFAULT_VERBOSITY)'
AM_DEFAULT_VERBOSITY='1'
AM_V='$(V)'
AR='ar'
AUTOCONF='${SHELL} /Volumes/Data/projects/emulators/vice-3.4/missing autoconf'
AUTOHEADER='${SHELL} /Volumes/Data/projects/emulators/vice-3.4/missing autoheader'
AUTOMAKE='${SHELL} /Volumes/Data/projects/emulators/vice-3.4/missing automake-1.16'
AWK='mawk'
CPPFLAGS=''
CXX='g++'
CXXCPP='g++ -E'
CXXDEPMODE='depmode=gcc3'
CXXFLAGS='-g -Wall -O3 -march=native -ffast-math -fno-exceptions -mmacosx-version-min=10.9'
CYGPATH_W='echo'
DEFS='-DPACKAGE_NAME=\"reSID\" -DPACKAGE_TARNAME=\"resid\" -DPACKAGE_VERSION=\"1.0-pre2\" -DPACKAGE_STRING=\"reSID\ 1.0-pre2\" -DPACKAGE_BUGREPORT=\"resid@nimrod.no\" -DPACKAGE_URL=\"\" -DPACKAGE=\"resid\" -DVERSION=\"1.0-pre2\" -DSTDC_HEADERS=1 -DHAVE_SYS_TYPES_H=1 -DHAVE_SYS_STAT_H=1 -DHAVE_STDLIB_H=1 -DHAVE_STRING_H=1 -DHAVE_MEMORY_H=1 -DHAVE_STRINGS_H=1 -DHAVE_INTTYPES_H=1 -DHAVE_STDINT_H=1 -DHAVE_UNISTD_H=1 -DSIZEOF_INT=4'
DEPDIR='.deps'
ECHO_C='\c'
ECHO_N=''
ECHO_T=''
EGREP='/usr/bin/grep -E'
EXEEXT=''
GREP='/usr/bin/grep'
HAVE_BOOL='1'
HAVE_BUILTIN_EXPECT='1'
HAVE_LOG1P='1'
INSTALL_DATA='${INSTALL} -m 644'
INSTALL_PROGRAM='${INSTALL}'
INSTALL_SCRIPT='${INSTALL}'
INSTALL_STRIP_PROGRAM='$(install_sh) -c -s'
LDFLAGS=''
LIBOBJS=''
LIBS=''
LTLIBOBJS=''
MAKEINFO='${SHELL} /Volumes/Data/projects/emulators/vice-3.4/missing makeinfo'
MKDIR_P='/usr/local/bin/gmkdir -p'
NEW_8580_FILTER='0'
NEW_8580_FILTER_FALSE=''
NEW_8580_FILTER_TRUE='#'
OBJEXT='o'
PACKAGE='resid'
PACKAGE_BUGREPORT='resid@nimrod.no'
PACKAGE_NAME='reSID'
PACKAGE_STRING='reSID 1.0-pre2'
PACKAGE_TARNAME='resid'
PACKAGE_URL=''
PACKAGE_VERSION='1.0-pre2'
PATH_SEPARATOR=':'
PERL='/usr/bin/perl'
RANLIB='ranlib'
RESID_BRANCH_HINTS='1'
RESID_INLINE='inline'
RESID_INLINING='1'
SET_MAKE=''
SHELL='/bin/sh'
STRIP=''
VERSION='1.0-pre2'
ac_ct_CXX='g++'
am__EXEEXT_FALSE=''
am__EXEEXT_TRUE='#'
am__fastdepCXX_FALSE='#'
am__fastdepCXX_TRUE=''
am__include='include'
am__isrc=''
am__leading_dot='.'
am__nodep='_no'
am__quote=''
am__tar='$${TAR-tar} chof - "$$tardir"'
am__untar='$${TAR-tar} xf -'
bindir='${exec_prefix}/bin'
build='x86_64-apple-darwin19.3.0'
build_alias=''
build_cpu='x86_64'
build_os='darwin19.3.0'
build_vendor='apple'
datadir='${datarootdir}'
datarootdir='${prefix}/share'
docdir='${datarootdir}/doc/${PACKAGE_TARNAME}'
dvidir='${docdir}'
exec_prefix='${prefix}'
host='x86_64-apple-darwin19.3.0'
host_alias=''
host_cpu='x86_64'
host_os='darwin19.3.0'
host_vendor='apple'
htmldir='${docdir}'
includedir='${prefix}/include'
infodir='${datarootdir}/info'
install_sh='${SHELL} /Volumes/Data/projects/emulators/vice-3.4/install-sh'
libdir='${exec_prefix}/lib'
libexecdir='${exec_prefix}/libexec'
localedir='${datarootdir}/locale'
localstatedir='${prefix}/var'
mandir='${datarootdir}/man'
mkdir_p='$(MKDIR_P)'
oldincludedir='/usr/include'
pdfdir='${docdir}'
prefix='/usr/local'
program_transform_name='s,x,x,'
psdir='${docdir}'
sbindir='${exec_prefix}/sbin'
sharedstatedir='${prefix}/com'
sysconfdir='${prefix}/etc'
target_alias=''

## ----------- ##
## confdefs.h. ##
## ----------- ##

/* confdefs.h */
#define PACKAGE_NAME "reSID"
#define PACKAGE_TARNAME "resid"
#define PACKAGE_VERSION "1.0-pre2"
#define PACKAGE_STRING "reSID 1.0-pre2"
#define PACKAGE_BUGREPORT "resid@nimrod.no"
#define PACKAGE_URL ""
#define PACKAGE "resid"
#define VERSION "1.0-pre2"
#define STDC_HEADERS 1
#define HAVE_SYS_TYPES_H 1
#define HAVE_SYS_STAT_H 1
#define HAVE_STDLIB_H 1
#define HAVE_STRING_H 1
#define HAVE_MEMORY_H 1
#define HAVE_STRINGS_H 1
#define HAVE_INTTYPES_H 1
#define HAVE_STDINT_H 1
#define HAVE_UNISTD_H 1
#define SIZEOF_INT 4

configure: exit 0
