This file contains any messages produced by compilers while
running configure, to aid debugging if configure makes a mistake.

It was created by reSID configure 1.0-pre2, which was
generated by GNU Autoconf 2.68.  Invocation command line was

  $ ./configure --disable-option-checking --prefix=/usr/local --with-cocoa --cache-file=/dev/null --srcdir=.

## --------- ##
## Platform. ##
## --------- ##

hostname = stuart-mbp.local
uname -m = x86_64
uname -r = 15.2.0
uname -s = Darwin
uname -v = Darwin Kernel Version 15.2.0: Fri Nov 13 19:56:56 PST 2015; root:xnu-3248.20.55~2/RELEASE_X86_64

/usr/bin/uname -p = i386
/bin/uname -X     = unknown

/bin/arch              = unknown
/usr/bin/arch -k       = unknown
/usr/convex/getsysinfo = unknown
/usr/bin/hostinfo      = Mach kernel version:
	 Darwin Kernel Version 15.2.0: Fri Nov 13 19:56:56 PST 2015; root:xnu-3248.20.55~2/RELEASE_X86_64
Kernel configured for up to 8 processors.
4 processors are physically available.
8 processors are logically available.
Processor type: x86_64h (Intel x86-64h Haswell)
Processors active: 0 1 2 3 4 5 6 7
Primary memory available: 16.00 gigabytes
Default processor set: 388 tasks, 1976 threads, 8 processors
Load average: 2.00, Mach factor: 5.98
/bin/machine           = unknown
/usr/bin/oslevel       = unknown
/bin/universe          = unknown

PATH: /usr/local/bin
PATH: /usr/local/sbin
PATH: /usr/bin
PATH: /bin
PATH: /usr/sbin
PATH: /sbin
PATH: /usr/local/go/bin
PATH: /usr/local/php5/bin
PATH: /usr/X11/bin
PATH: /usr/local/git/bin
PATH: /Users//Users/stuartcarnie/bin
PATH: /Users/stuartcarnie/.composer/vendor/bin
PATH: /Users/stuartcarnie/go/bin


## ----------- ##
## Core tests. ##
## ----------- ##

configure:2245: checking for a BSD-compatible install
configure:2313: result: /usr/bin/install -c
configure:2324: checking whether build environment is sane
configure:2374: result: yes
configure:2515: checking for a thread-safe mkdir -p
configure:2554: result: ./../../install-sh -c -d
configure:2567: checking for gawk
configure:2597: result: no
configure:2567: checking for mawk
configure:2597: result: no
configure:2567: checking for nawk
configure:2597: result: no
configure:2567: checking for awk
configure:2583: found /usr/bin/awk
configure:2594: result: awk
configure:2605: checking whether make sets $(MAKE)
configure:2627: result: yes
configure:2819: checking for clang++
configure:2835: found /usr/bin/clang++
configure:2846: result: clang++
configure:2873: checking for C++ compiler version
configure:2882: clang++ --version >&5
Apple LLVM version 7.0.2 (clang-700.1.81)
Target: x86_64-apple-darwin15.2.0
Thread model: posix
configure:2893: $? = 0
configure:2882: clang++ -v >&5
Apple LLVM version 7.0.2 (clang-700.1.81)
Target: x86_64-apple-darwin15.2.0
Thread model: posix
configure:2893: $? = 0
configure:2882: clang++ -V >&5
clang: error: argument to '-V' is missing (expected 1 value)
clang: error: no input files
configure:2893: $? = 1
configure:2882: clang++ -qversion >&5
clang: error: unknown argument: '-qversion'
clang: error: no input files
configure:2893: $? = 1
configure:2913: checking whether the C++ compiler works
configure:2935: clang++    conftest.cpp  >&5
configure:2939: $? = 0
configure:2987: result: yes
configure:2990: checking for C++ compiler default output file name
configure:2992: result: a.out
configure:2998: checking for suffix of executables
configure:3005: clang++ -o conftest    conftest.cpp  >&5
configure:3009: $? = 0
configure:3031: result: 
configure:3053: checking whether we are cross compiling
configure:3061: clang++ -o conftest    conftest.cpp  >&5
configure:3065: $? = 0
configure:3072: ./conftest
configure:3076: $? = 0
configure:3091: result: no
configure:3096: checking for suffix of object files
configure:3118: clang++ -c   conftest.cpp >&5
configure:3122: $? = 0
configure:3143: result: o
configure:3147: checking whether we are using the GNU C++ compiler
configure:3166: clang++ -c   conftest.cpp >&5
configure:3166: $? = 0
configure:3175: result: yes
configure:3184: checking whether clang++ accepts -g
configure:3204: clang++ -c -g  conftest.cpp >&5
configure:3204: $? = 0
configure:3245: result: yes
configure:3279: checking for style of include used by make
configure:3307: result: GNU
configure:3333: checking dependency style of clang++
configure:3444: result: gcc3
configure:3464: checking if the compiler supports -march=native
configure:3480: clang++ -c -g -O2 -march=native  conftest.cpp >&5
configure:3480: $? = 0
configure:3481: result: yes
configure:3524: checking whether g++ accepts -g -Wall -O3 -march=native -ffast-math -fno-exceptions
configure:3530: clang++ -c -g -Wall -O3 -march=native -ffast-math -fno-exceptions  conftest.cpp >&5
configure:3530: $? = 0
configure:3531: result: yes
configure:3558: checking for ar
configure:3574: found /usr/bin/ar
configure:3586: result: ar
configure:3637: checking for ranlib
configure:3653: found /usr/bin/ranlib
configure:3664: result: ranlib
configure:3688: checking for perl
configure:3706: found /usr/bin/perl
configure:3718: result: /usr/bin/perl
configure:3733: checking how to run the C++ preprocessor
configure:3760: clang++ -E  conftest.cpp
configure:3760: $? = 0
configure:3774: clang++ -E  conftest.cpp
conftest.cpp:11:10: fatal error: 'ac_nonexistent.h' file not found
#include <ac_nonexistent.h>
         ^
1 error generated.
configure:3774: $? = 1
configure: failed program was:
| /* confdefs.h */
| #define PACKAGE_NAME "reSID"
| #define PACKAGE_TARNAME "resid"
| #define PACKAGE_VERSION "1.0-pre2"
| #define PACKAGE_STRING "reSID 1.0-pre2"
| #define PACKAGE_BUGREPORT "resid@nimrod.no"
| #define PACKAGE_URL ""
| #define PACKAGE "resid"
| #define VERSION "1.0-pre2"
| /* end confdefs.h.  */
| #include <ac_nonexistent.h>
configure:3799: result: clang++ -E
configure:3819: clang++ -E  conftest.cpp
configure:3819: $? = 0
configure:3833: clang++ -E  conftest.cpp
conftest.cpp:11:10: fatal error: 'ac_nonexistent.h' file not found
#include <ac_nonexistent.h>
         ^
1 error generated.
configure:3833: $? = 1
configure: failed program was:
| /* confdefs.h */
| #define PACKAGE_NAME "reSID"
| #define PACKAGE_TARNAME "resid"
| #define PACKAGE_VERSION "1.0-pre2"
| #define PACKAGE_STRING "reSID 1.0-pre2"
| #define PACKAGE_BUGREPORT "resid@nimrod.no"
| #define PACKAGE_URL ""
| #define PACKAGE "resid"
| #define VERSION "1.0-pre2"
| /* end confdefs.h.  */
| #include <ac_nonexistent.h>
configure:3862: checking for grep that handles long lines and -e
configure:3920: result: /usr/bin/grep
configure:3925: checking for egrep
configure:3987: result: /usr/bin/grep -E
configure:3992: checking for ANSI C header files
configure:4012: clang++ -c -g -Wall -O3 -march=native -ffast-math -fno-exceptions  conftest.cpp >&5
configure:4012: $? = 0
configure:4085: clang++ -o conftest -g -Wall -O3 -march=native -ffast-math -fno-exceptions   conftest.cpp  >&5
configure:4085: $? = 0
configure:4085: ./conftest
configure:4085: $? = 0
configure:4096: result: yes
configure:4109: checking for sys/types.h
configure:4109: clang++ -c -g -Wall -O3 -march=native -ffast-math -fno-exceptions  conftest.cpp >&5
configure:4109: $? = 0
configure:4109: result: yes
configure:4109: checking for sys/stat.h
configure:4109: clang++ -c -g -Wall -O3 -march=native -ffast-math -fno-exceptions  conftest.cpp >&5
configure:4109: $? = 0
configure:4109: result: yes
configure:4109: checking for stdlib.h
configure:4109: clang++ -c -g -Wall -O3 -march=native -ffast-math -fno-exceptions  conftest.cpp >&5
configure:4109: $? = 0
configure:4109: result: yes
configure:4109: checking for string.h
configure:4109: clang++ -c -g -Wall -O3 -march=native -ffast-math -fno-exceptions  conftest.cpp >&5
configure:4109: $? = 0
configure:4109: result: yes
configure:4109: checking for memory.h
configure:4109: clang++ -c -g -Wall -O3 -march=native -ffast-math -fno-exceptions  conftest.cpp >&5
configure:4109: $? = 0
configure:4109: result: yes
configure:4109: checking for strings.h
configure:4109: clang++ -c -g -Wall -O3 -march=native -ffast-math -fno-exceptions  conftest.cpp >&5
configure:4109: $? = 0
configure:4109: result: yes
configure:4109: checking for inttypes.h
configure:4109: clang++ -c -g -Wall -O3 -march=native -ffast-math -fno-exceptions  conftest.cpp >&5
configure:4109: $? = 0
configure:4109: result: yes
configure:4109: checking for stdint.h
configure:4109: clang++ -c -g -Wall -O3 -march=native -ffast-math -fno-exceptions  conftest.cpp >&5
configure:4109: $? = 0
configure:4109: result: yes
configure:4109: checking for unistd.h
configure:4109: clang++ -c -g -Wall -O3 -march=native -ffast-math -fno-exceptions  conftest.cpp >&5
configure:4109: $? = 0
configure:4109: result: yes
configure:4121: checking math.h usability
configure:4121: clang++ -c -g -Wall -O3 -march=native -ffast-math -fno-exceptions  conftest.cpp >&5
configure:4121: $? = 0
configure:4121: result: yes
configure:4121: checking math.h presence
configure:4121: clang++ -E  conftest.cpp
configure:4121: $? = 0
configure:4121: result: yes
configure:4121: checking for math.h
configure:4121: result: yes
configure:4134: checking size of int
configure:4139: clang++ -o conftest -g -Wall -O3 -march=native -ffast-math -fno-exceptions   conftest.cpp  >&5
configure:4139: $? = 0
configure:4139: ./conftest
configure:4139: $? = 0
configure:4153: result: 4
configure:4168: checking for working bool
configure:4177: clang++ -c -g -Wall -O3 -march=native -ffast-math -fno-exceptions  conftest.cpp >&5
configure:4177: $? = 0
configure:4184: result: yes
configure:4195: checking for __builtin_expect
configure:4204: clang++ -c -g -Wall -O3 -march=native -ffast-math -fno-exceptions  conftest.cpp >&5
conftest.cpp:22:14: warning: ignoring return value of function declared with const attribute [-Wunused-value]
int main() { __builtin_expect(0, 0); }
             ^~~~~~~~~~~~~~~~ ~~~~
1 warning generated.
configure:4204: $? = 0
configure:4211: result: yes
configure:4222: checking for log1p
configure:4238: clang++ -c -g -Wall -O3 -march=native -ffast-math -fno-exceptions  conftest.cpp >&5
conftest.cpp:26:2: warning: ignoring return value of function declared with const attribute [-Wunused-value]
 log1p(1);
 ^~~~~ ~
1 warning generated.
configure:4238: $? = 0
configure:4245: result: yes
configure:4424: creating ./config.status

## ---------------------- ##
## Running config.status. ##
## ---------------------- ##

This file was extended by reSID config.status 1.0-pre2, which was
generated by GNU Autoconf 2.68.  Invocation command line was

  CONFIG_FILES    = 
  CONFIG_HEADERS  = 
  CONFIG_LINKS    = 
  CONFIG_COMMANDS = 
  $ ./config.status 

on stuart-mbp.local

config.status:794: creating Makefile
config.status:794: creating siddefs.h
config.status:966: executing depfiles commands

## ---------------- ##
## Cache variables. ##
## ---------------- ##

ac_cv_cxx_compiler_gnu=yes
ac_cv_env_CCC_set=
ac_cv_env_CCC_value=
ac_cv_env_CPPFLAGS_set=
ac_cv_env_CPPFLAGS_value=
ac_cv_env_CXXCPP_set=
ac_cv_env_CXXCPP_value=
ac_cv_env_CXXFLAGS_set=
ac_cv_env_CXXFLAGS_value=
ac_cv_env_CXX_set=
ac_cv_env_CXX_value=
ac_cv_env_LDFLAGS_set=
ac_cv_env_LDFLAGS_value=
ac_cv_env_LIBS_set=
ac_cv_env_LIBS_value=
ac_cv_env_build_alias_set=
ac_cv_env_build_alias_value=
ac_cv_env_host_alias_set=
ac_cv_env_host_alias_value=
ac_cv_env_target_alias_set=
ac_cv_env_target_alias_value=
ac_cv_header_inttypes_h=yes
ac_cv_header_math_h=yes
ac_cv_header_memory_h=yes
ac_cv_header_stdc=yes
ac_cv_header_stdint_h=yes
ac_cv_header_stdlib_h=yes
ac_cv_header_string_h=yes
ac_cv_header_strings_h=yes
ac_cv_header_sys_stat_h=yes
ac_cv_header_sys_types_h=yes
ac_cv_header_unistd_h=yes
ac_cv_objext=o
ac_cv_path_EGREP='/usr/bin/grep -E'
ac_cv_path_GREP=/usr/bin/grep
ac_cv_path_PERL=/usr/bin/perl
ac_cv_path_install='/usr/bin/install -c'
ac_cv_prog_AR=ar
ac_cv_prog_AWK=awk
ac_cv_prog_CXXCPP='clang++ -E'
ac_cv_prog_ac_ct_CXX=clang++
ac_cv_prog_ac_ct_RANLIB=ranlib
ac_cv_prog_cxx_g=yes
ac_cv_prog_make_make_set=yes
ac_cv_sizeof_int=4
am_cv_CXX_dependencies_compiler_type=gcc3
resid_cv_builtin_expect=yes
resid_cv_cxx_bool=yes
resid_cv_log1p=yes

## ----------------- ##
## Output variables. ##
## ----------------- ##

ACLOCAL='${SHELL} /Users/stuartcarnie/projects/games/c64/vice-2.4.24/missing --run aclocal-1.11'
AMDEPBACKSLASH='\'
AMDEP_FALSE='#'
AMDEP_TRUE=''
AMTAR='$${TAR-tar}'
AR='ar'
AUTOCONF='${SHELL} /Users/stuartcarnie/projects/games/c64/vice-2.4.24/missing --run autoconf'
AUTOHEADER='${SHELL} /Users/stuartcarnie/projects/games/c64/vice-2.4.24/missing --run autoheader'
AUTOMAKE='${SHELL} /Users/stuartcarnie/projects/games/c64/vice-2.4.24/missing --run automake-1.11'
AWK='awk'
CPPFLAGS=''
CXX='clang++'
CXXCPP='clang++ -E'
CXXDEPMODE='depmode=gcc3'
CXXFLAGS='-g -Wall -O3 -march=native -ffast-math -fno-exceptions'
CYGPATH_W='echo'
DEFS='-DPACKAGE_NAME=\"reSID\" -DPACKAGE_TARNAME=\"resid\" -DPACKAGE_VERSION=\"1.0-pre2\" -DPACKAGE_STRING=\"reSID\ 1.0-pre2\" -DPACKAGE_BUGREPORT=\"resid@nimrod.no\" -DPACKAGE_URL=\"\" -DPACKAGE=\"resid\" -DVERSION=\"1.0-pre2\" -DSTDC_HEADERS=1 -DHAVE_SYS_TYPES_H=1 -DHAVE_SYS_STAT_H=1 -DHAVE_STDLIB_H=1 -DHAVE_STRING_H=1 -DHAVE_MEMORY_H=1 -DHAVE_STRINGS_H=1 -DHAVE_INTTYPES_H=1 -DHAVE_STDINT_H=1 -DHAVE_UNISTD_H=1 -DSIZEOF_INT=4'
DEPDIR='.deps'
ECHO_C='\c'
ECHO_N=''
ECHO_T=''
EGREP='/usr/bin/grep -E'
EXEEXT=''
GREP='/usr/bin/grep'
HAVE_BOOL='1'
HAVE_BUILTIN_EXPECT='1'
HAVE_LOG1P='1'
INSTALL_DATA='${INSTALL} -m 644'
INSTALL_PROGRAM='${INSTALL}'
INSTALL_SCRIPT='${INSTALL}'
INSTALL_STRIP_PROGRAM='$(install_sh) -c -s'
LDFLAGS=''
LIBOBJS=''
LIBS=''
LTLIBOBJS=''
MAKEINFO='${SHELL} /Users/stuartcarnie/projects/games/c64/vice-2.4.24/missing --run makeinfo'
MKDIR_P='./../../install-sh -c -d'
OBJEXT='o'
PACKAGE='resid'
PACKAGE_BUGREPORT='resid@nimrod.no'
PACKAGE_NAME='reSID'
PACKAGE_STRING='reSID 1.0-pre2'
PACKAGE_TARNAME='resid'
PACKAGE_URL=''
PACKAGE_VERSION='1.0-pre2'
PATH_SEPARATOR=':'
PERL='/usr/bin/perl'
RANLIB='ranlib'
RESID_BRANCH_HINTS='1'
RESID_INLINE='inline'
RESID_INLINING='1'
SET_MAKE=''
SHELL='/bin/sh'
STRIP=''
VERSION='1.0-pre2'
ac_ct_CXX='clang++'
am__EXEEXT_FALSE=''
am__EXEEXT_TRUE='#'
am__fastdepCXX_FALSE='#'
am__fastdepCXX_TRUE=''
am__include='include'
am__isrc=''
am__leading_dot='.'
am__nodep='_no'
am__quote=''
am__tar='$${TAR-tar} chof - "$$tardir"'
am__untar='$${TAR-tar} xf -'
bindir='${exec_prefix}/bin'
build_alias=''
datadir='${datarootdir}'
datarootdir='${prefix}/share'
docdir='${datarootdir}/doc/${PACKAGE_TARNAME}'
dvidir='${docdir}'
exec_prefix='${prefix}'
host_alias=''
htmldir='${docdir}'
includedir='${prefix}/include'
infodir='${datarootdir}/info'
install_sh='${SHELL} /Users/stuartcarnie/projects/games/c64/vice-2.4.24/install-sh'
libdir='${exec_prefix}/lib'
libexecdir='${exec_prefix}/libexec'
localedir='${datarootdir}/locale'
localstatedir='${prefix}/var'
mandir='${datarootdir}/man'
mkdir_p='$(top_builddir)/./../../install-sh -c -d'
oldincludedir='/usr/include'
pdfdir='${docdir}'
prefix='/usr/local'
program_transform_name='s,x,x,'
psdir='${docdir}'
sbindir='${exec_prefix}/sbin'
sharedstatedir='${prefix}/com'
sysconfdir='${prefix}/etc'
target_alias=''

## ----------- ##
## confdefs.h. ##
## ----------- ##

/* confdefs.h */
#define PACKAGE_NAME "reSID"
#define PACKAGE_TARNAME "resid"
#define PACKAGE_VERSION "1.0-pre2"
#define PACKAGE_STRING "reSID 1.0-pre2"
#define PACKAGE_BUGREPORT "resid@nimrod.no"
#define PACKAGE_URL ""
#define PACKAGE "resid"
#define VERSION "1.0-pre2"
#define STDC_HEADERS 1
#define HAVE_SYS_TYPES_H 1
#define HAVE_SYS_STAT_H 1
#define HAVE_STDLIB_H 1
#define HAVE_STRING_H 1
#define HAVE_MEMORY_H 1
#define HAVE_STRINGS_H 1
#define HAVE_INTTYPES_H 1
#define HAVE_STDINT_H 1
#define HAVE_UNISTD_H 1
#define SIZEOF_INT 4

configure: exit 0
