This file contains any messages produced by compilers while
running configure, to aid debugging if configure makes a mistake.

It was created by configure, which was
generated by GNU Autoconf 2.69.  Invocation command line was

  $ ./configure --disable-option-checking --prefix=/usr/local --without-readline --without-pulse --without-alsa --without-oss --without-sun --without-jpeg --without-png --without-gif --disable-ahi --disable-lame --disable-parsid --disable-hardsid --disable-catweasel --disable-ssi2001 --disable-realdevice --disable-rs232 --disable-midi --enable-sdlui2 --cache-file=/dev/null --srcdir=.

## --------- ##
## Platform. ##
## --------- ##

hostname = stuart-influx.local
uname -m = x86_64
uname -r = 19.3.0
uname -s = Darwin
uname -v = Darwin Kernel Version 19.3.0: Thu Jan  9 20:58:23 PST 2020; root:xnu-6153.81.5~1/RELEASE_X86_64

/usr/bin/uname -p = i386
/bin/uname -X     = unknown

/bin/arch              = unknown
/usr/bin/arch -k       = unknown
/usr/convex/getsysinfo = unknown
/usr/bin/hostinfo      = Mach kernel version:
	 Darwin Kernel Version 19.3.0: Thu Jan  9 20:58:23 PST 2020; root:xnu-6153.81.5~1/RELEASE_X86_64
Kernel configured for up to 16 processors.
8 processors are physically available.
16 processors are logically available.
Processor type: x86_64h (Intel x86-64h Haswell)
Processors active: 0 1 2 3 4 5 6 7 8 9 10 11 12 13 14 15
Primary memory available: 32.00 gigabytes
Default processor set: 685 tasks, 2936 threads, 16 processors
Load average: 1.88, Mach factor: 14.11
/bin/machine           = unknown
/usr/bin/oslevel       = unknown
/bin/universe          = unknown

PATH: /usr/local/bin
PATH: /usr/local/sbin
PATH: /usr/local/opt/gnu-tar/libexec/gnubin
PATH: /usr/local/opt/sqlite/bin
PATH: /Users/stuartcarnie/.gem/ruby/2.3.0/bin
PATH: /Users/stuartcarnie/.krew/bin
PATH: /usr/bin
PATH: /bin
PATH: /usr/sbin
PATH: /sbin
PATH: /Applications/VMware Fusion.app/Contents/Public
PATH: /usr/local/go/bin
PATH: /Applications/Wireshark.app/Contents/MacOS
PATH: /Users/stuartcarnie/bin
PATH: /Users/stuartcarnie/go/bin
PATH: /Users/stuartcarnie/.cargo/bin
PATH: /usr/local/opt/fzf/bin


## ----------- ##
## Core tests. ##
## ----------- ##

configure:2188: checking for a BSD-compatible install
configure:2256: result: /usr/local/bin/ginstall -c
configure:2267: checking whether build environment is sane
configure:2322: result: yes
configure:2473: checking for a thread-safe mkdir -p
configure:2512: result: /usr/local/bin/gmkdir -p
configure:2519: checking for gawk
configure:2549: result: no
configure:2519: checking for mawk
configure:2535: found /usr/local/bin/mawk
configure:2546: result: mawk
configure:2557: checking whether make sets $(MAKE)
configure:2579: result: yes
configure:2608: checking whether make supports nested variables
configure:2625: result: yes
configure:2765: checking build system type
configure:2779: result: x86_64-apple-darwin19.3.0
configure:2799: checking host system type
configure:2812: result: x86_64-apple-darwin19.3.0
configure:2922: checking for g++
configure:2938: found /usr/bin/g++
configure:2949: result: g++
configure:2976: checking for C++ compiler version
configure:2985: g++ --version >&5
Apple clang version 11.0.0 (clang-1100.0.33.17)
Target: x86_64-apple-darwin19.3.0
Thread model: posix
InstalledDir: /Applications/Xcode.app/Contents/Developer/Toolchains/XcodeDefault.xctoolchain/usr/bin
Configured with: --prefix=/Applications/Xcode.app/Contents/Developer/usr --with-gxx-include-dir=/Applications/Xcode.app/Contents/Developer/Platforms/MacOSX.platform/Developer/SDKs/MacOSX.sdk/usr/include/c++/4.2.1
configure:2996: $? = 0
configure:2985: g++ -v >&5
Configured with: --prefix=/Applications/Xcode.app/Contents/Developer/usr --with-gxx-include-dir=/Applications/Xcode.app/Contents/Developer/Platforms/MacOSX.platform/Developer/SDKs/MacOSX.sdk/usr/include/c++/4.2.1
Apple clang version 11.0.0 (clang-1100.0.33.17)
Target: x86_64-apple-darwin19.3.0
Thread model: posix
InstalledDir: /Applications/Xcode.app/Contents/Developer/Toolchains/XcodeDefault.xctoolchain/usr/bin
configure:2996: $? = 0
configure:2985: g++ -V >&5
clang: error: unsupported option '-V -Wno-framework-include-private-from-public'
clang: error: no input files
configure:2996: $? = 1
configure:2985: g++ -qversion >&5
clang: error: unknown argument '-qversion', did you mean '--version'?
clang: error: no input files
configure:2996: $? = 1
configure:3016: checking whether the C++ compiler works
configure:3038: g++    conftest.cpp  >&5
configure:3042: $? = 0
configure:3090: result: yes
configure:3093: checking for C++ compiler default output file name
configure:3095: result: a.out
configure:3101: checking for suffix of executables
configure:3108: g++ -o conftest    conftest.cpp  >&5
configure:3112: $? = 0
configure:3134: result: 
configure:3156: checking whether we are cross compiling
configure:3164: g++ -o conftest    conftest.cpp  >&5
configure:3168: $? = 0
configure:3175: ./conftest
configure:3179: $? = 0
configure:3194: result: no
configure:3199: checking for suffix of object files
configure:3221: g++ -c   conftest.cpp >&5
configure:3225: $? = 0
configure:3246: result: o
configure:3250: checking whether we are using the GNU C++ compiler
configure:3269: g++ -c   conftest.cpp >&5
configure:3269: $? = 0
configure:3278: result: yes
configure:3287: checking whether g++ accepts -g
configure:3307: g++ -c -g  conftest.cpp >&5
configure:3307: $? = 0
configure:3348: result: yes
configure:3374: checking whether make supports the include directive
configure:3389: make -f confmf.GNU && cat confinc.out
this is the am__doit target
configure:3392: $? = 0
configure:3411: result: yes (GNU style)
configure:3436: checking dependency style of g++
configure:3547: result: gcc3
configure:3566: checking whether the C++ compiler (g++ -g -Wall -O2 -funroll-loops -fomit-frame-pointer -fno-exceptions ) works
configure:3580: g++ -c -g -Wall -O2 -funroll-loops -fomit-frame-pointer -fno-exceptions  conftest.cpp >&5
conftest.cpp:15:5: warning: unused variable 'test' [-Wunused-variable]
int test;
    ^
1 warning generated.
configure:3580: $? = 0
configure:3581: result: yes
configure:3603: checking for ar
configure:3619: found /usr/bin/ar
configure:3631: result: ar
configure:3682: checking for ranlib
configure:3698: found /usr/bin/ranlib
configure:3709: result: ranlib
configure:3733: checking for perl
configure:3751: found /usr/bin/perl
configure:3763: result: /usr/bin/perl
configure:3781: checking how to run the C++ preprocessor
configure:3808: g++ -E  conftest.cpp
configure:3808: $? = 0
configure:3822: g++ -E  conftest.cpp
conftest.cpp:11:10: fatal error: 'ac_nonexistent.h' file not found
#include <ac_nonexistent.h>
         ^~~~~~~~~~~~~~~~~~
1 error generated.
configure:3822: $? = 1
configure: failed program was:
| /* confdefs.h */
| #define PACKAGE_NAME ""
| #define PACKAGE_TARNAME ""
| #define PACKAGE_VERSION ""
| #define PACKAGE_STRING ""
| #define PACKAGE_BUGREPORT ""
| #define PACKAGE_URL ""
| #define PACKAGE "resid"
| #define VERSION "0.16vice"
| /* end confdefs.h.  */
| #include <ac_nonexistent.h>
configure:3847: result: g++ -E
configure:3867: g++ -E  conftest.cpp
configure:3867: $? = 0
configure:3881: g++ -E  conftest.cpp
conftest.cpp:11:10: fatal error: 'ac_nonexistent.h' file not found
#include <ac_nonexistent.h>
         ^~~~~~~~~~~~~~~~~~
1 error generated.
configure:3881: $? = 1
configure: failed program was:
| /* confdefs.h */
| #define PACKAGE_NAME ""
| #define PACKAGE_TARNAME ""
| #define PACKAGE_VERSION ""
| #define PACKAGE_STRING ""
| #define PACKAGE_BUGREPORT ""
| #define PACKAGE_URL ""
| #define PACKAGE "resid"
| #define VERSION "0.16vice"
| /* end confdefs.h.  */
| #include <ac_nonexistent.h>
configure:3910: checking for grep that handles long lines and -e
configure:3968: result: /usr/bin/grep
configure:3973: checking for egrep
configure:4035: result: /usr/bin/grep -E
configure:4040: checking for ANSI C header files
configure:4060: g++ -c -g -Wall -O2 -funroll-loops -fomit-frame-pointer -fno-exceptions -mmacosx-version-min=10.9  conftest.cpp >&5
configure:4060: $? = 0
configure:4133: g++ -o conftest -g -Wall -O2 -funroll-loops -fomit-frame-pointer -fno-exceptions -mmacosx-version-min=10.9   conftest.cpp  >&5
configure:4133: $? = 0
configure:4133: ./conftest
configure:4133: $? = 0
configure:4144: result: yes
configure:4157: checking for sys/types.h
configure:4157: g++ -c -g -Wall -O2 -funroll-loops -fomit-frame-pointer -fno-exceptions -mmacosx-version-min=10.9  conftest.cpp >&5
configure:4157: $? = 0
configure:4157: result: yes
configure:4157: checking for sys/stat.h
configure:4157: g++ -c -g -Wall -O2 -funroll-loops -fomit-frame-pointer -fno-exceptions -mmacosx-version-min=10.9  conftest.cpp >&5
configure:4157: $? = 0
configure:4157: result: yes
configure:4157: checking for stdlib.h
configure:4157: g++ -c -g -Wall -O2 -funroll-loops -fomit-frame-pointer -fno-exceptions -mmacosx-version-min=10.9  conftest.cpp >&5
configure:4157: $? = 0
configure:4157: result: yes
configure:4157: checking for string.h
configure:4157: g++ -c -g -Wall -O2 -funroll-loops -fomit-frame-pointer -fno-exceptions -mmacosx-version-min=10.9  conftest.cpp >&5
configure:4157: $? = 0
configure:4157: result: yes
configure:4157: checking for memory.h
configure:4157: g++ -c -g -Wall -O2 -funroll-loops -fomit-frame-pointer -fno-exceptions -mmacosx-version-min=10.9  conftest.cpp >&5
configure:4157: $? = 0
configure:4157: result: yes
configure:4157: checking for strings.h
configure:4157: g++ -c -g -Wall -O2 -funroll-loops -fomit-frame-pointer -fno-exceptions -mmacosx-version-min=10.9  conftest.cpp >&5
configure:4157: $? = 0
configure:4157: result: yes
configure:4157: checking for inttypes.h
configure:4157: g++ -c -g -Wall -O2 -funroll-loops -fomit-frame-pointer -fno-exceptions -mmacosx-version-min=10.9  conftest.cpp >&5
configure:4157: $? = 0
configure:4157: result: yes
configure:4157: checking for stdint.h
configure:4157: g++ -c -g -Wall -O2 -funroll-loops -fomit-frame-pointer -fno-exceptions -mmacosx-version-min=10.9  conftest.cpp >&5
configure:4157: $? = 0
configure:4157: result: yes
configure:4157: checking for unistd.h
configure:4157: g++ -c -g -Wall -O2 -funroll-loops -fomit-frame-pointer -fno-exceptions -mmacosx-version-min=10.9  conftest.cpp >&5
configure:4157: $? = 0
configure:4157: result: yes
configure:4173: checking size of int
configure:4178: g++ -o conftest -g -Wall -O2 -funroll-loops -fomit-frame-pointer -fno-exceptions -mmacosx-version-min=10.9   conftest.cpp  >&5
configure:4178: $? = 0
configure:4178: ./conftest
configure:4178: $? = 0
configure:4192: result: 4
configure:4207: checking for working bool
configure:4225: g++ -c -g -Wall -O2 -funroll-loops -fomit-frame-pointer -fno-exceptions -mmacosx-version-min=10.9  conftest.cpp >&5
conftest.cpp:27:6: warning: unused variable 'flag' [-Wunused-variable]
bool flag;
     ^
1 warning generated.
configure:4225: $? = 0
configure:4232: result: yes
configure:4243: checking if the mmintrin.h include can be used
configure:4256: g++ -c -g -Wall -O2 -funroll-loops -fomit-frame-pointer -fno-exceptions -mmacosx-version-min=10.9  conftest.cpp >&5
conftest.cpp:26:5: warning: unused variable 'test' [-Wunused-variable]
int test;
    ^
1 warning generated.
configure:4256: $? = 0
configure:4257: result: yes
configure:4450: checking that generated files are newer than configure
configure:4456: result: done
configure:4479: creating ./config.status

## ---------------------- ##
## Running config.status. ##
## ---------------------- ##

This file was extended by config.status, which was
generated by GNU Autoconf 2.69.  Invocation command line was

  CONFIG_FILES    = 
  CONFIG_HEADERS  = 
  CONFIG_LINKS    = 
  CONFIG_COMMANDS = 
  $ ./config.status 

on stuart-influx.local

config.status:793: creating Makefile
config.status:793: creating siddtvdefs.h
config.status:965: executing depfiles commands
config.status:1042: cd .       && sed -e '/# am--include-marker/d' Makefile         | make -f - am--depfiles
make: Nothing to be done for `am--depfiles'.
config.status:1047: $? = 0

## ---------------- ##
## Cache variables. ##
## ---------------- ##

ac_cv_build=x86_64-apple-darwin19.3.0
ac_cv_cxx_bool=yes
ac_cv_cxx_compiler_gnu=yes
ac_cv_env_CCC_set=
ac_cv_env_CCC_value=
ac_cv_env_CPPFLAGS_set=
ac_cv_env_CPPFLAGS_value=
ac_cv_env_CXXCPP_set=
ac_cv_env_CXXCPP_value=
ac_cv_env_CXXFLAGS_set=
ac_cv_env_CXXFLAGS_value=
ac_cv_env_CXX_set=
ac_cv_env_CXX_value=
ac_cv_env_LDFLAGS_set=
ac_cv_env_LDFLAGS_value=
ac_cv_env_LIBS_set=
ac_cv_env_LIBS_value=
ac_cv_env_build_alias_set=
ac_cv_env_build_alias_value=
ac_cv_env_host_alias_set=
ac_cv_env_host_alias_value=
ac_cv_env_target_alias_set=
ac_cv_env_target_alias_value=
ac_cv_header_inttypes_h=yes
ac_cv_header_memory_h=yes
ac_cv_header_stdc=yes
ac_cv_header_stdint_h=yes
ac_cv_header_stdlib_h=yes
ac_cv_header_string_h=yes
ac_cv_header_strings_h=yes
ac_cv_header_sys_stat_h=yes
ac_cv_header_sys_types_h=yes
ac_cv_header_unistd_h=yes
ac_cv_host=x86_64-apple-darwin19.3.0
ac_cv_objext=o
ac_cv_path_EGREP='/usr/bin/grep -E'
ac_cv_path_GREP=/usr/bin/grep
ac_cv_path_PERL=/usr/bin/perl
ac_cv_path_install='/usr/local/bin/ginstall -c'
ac_cv_path_mkdir=/usr/local/bin/gmkdir
ac_cv_prog_AR=ar
ac_cv_prog_AWK=mawk
ac_cv_prog_CXXCPP='g++ -E'
ac_cv_prog_ac_ct_CXX=g++
ac_cv_prog_ac_ct_RANLIB=ranlib
ac_cv_prog_cxx_g=yes
ac_cv_prog_make_make_set=yes
ac_cv_sizeof_int=4
am_cv_CXX_dependencies_compiler_type=gcc3
am_cv_make_support_nested_variables=yes

## ----------------- ##
## Output variables. ##
## ----------------- ##

ACLOCAL='${SHELL} /Volumes/Data/projects/emulators/vice-3.4/missing aclocal-1.16'
AMDEPBACKSLASH='\'
AMDEP_FALSE='#'
AMDEP_TRUE=''
AMTAR='$${TAR-tar}'
AM_BACKSLASH='\'
AM_DEFAULT_V='$(AM_DEFAULT_VERBOSITY)'
AM_DEFAULT_VERBOSITY='1'
AM_V='$(V)'
AR='ar'
AUTOCONF='${SHELL} /Volumes/Data/projects/emulators/vice-3.4/missing autoconf'
AUTOHEADER='${SHELL} /Volumes/Data/projects/emulators/vice-3.4/missing autoheader'
AUTOMAKE='${SHELL} /Volumes/Data/projects/emulators/vice-3.4/missing automake-1.16'
AWK='mawk'
CPPFLAGS=''
CXX='g++'
CXXCPP='g++ -E'
CXXDEPMODE='depmode=gcc3'
CXXFLAGS='-g -Wall -O2 -funroll-loops -fomit-frame-pointer -fno-exceptions -mmacosx-version-min=10.9'
CYGPATH_W='echo'
DEFS='-DPACKAGE_NAME=\"\" -DPACKAGE_TARNAME=\"\" -DPACKAGE_VERSION=\"\" -DPACKAGE_STRING=\"\" -DPACKAGE_BUGREPORT=\"\" -DPACKAGE_URL=\"\" -DPACKAGE=\"resid\" -DVERSION=\"0.16vice\" -DSTDC_HEADERS=1 -DHAVE_SYS_TYPES_H=1 -DHAVE_SYS_STAT_H=1 -DHAVE_STDLIB_H=1 -DHAVE_STRING_H=1 -DHAVE_MEMORY_H=1 -DHAVE_STRINGS_H=1 -DHAVE_INTTYPES_H=1 -DHAVE_STDINT_H=1 -DHAVE_UNISTD_H=1 -DSIZEOF_INT=4'
DEPDIR='.deps'
ECHO_C='\c'
ECHO_N=''
ECHO_T=''
EGREP='/usr/bin/grep -E'
EXEEXT=''
GREP='/usr/bin/grep'
HAVE_MMINTRIN_H='1'
INSTALL_DATA='${INSTALL} -m 644'
INSTALL_PROGRAM='${INSTALL}'
INSTALL_SCRIPT='${INSTALL}'
INSTALL_STRIP_PROGRAM='$(install_sh) -c -s'
LDFLAGS=''
LIBOBJS=''
LIBS=''
LTLIBOBJS=''
MAKEINFO='${SHELL} /Volumes/Data/projects/emulators/vice-3.4/missing makeinfo'
MKDIR_P='/usr/local/bin/gmkdir -p'
NEW_8580_FILTER='0'
OBJEXT='o'
PACKAGE='resid'
PACKAGE_BUGREPORT=''
PACKAGE_NAME=''
PACKAGE_STRING=''
PACKAGE_TARNAME=''
PACKAGE_URL=''
PACKAGE_VERSION=''
PATH_SEPARATOR=':'
PERL='/usr/bin/perl'
RANLIB='ranlib'
RESID_HAVE_BOOL='1'
RESID_INLINE='inline'
RESID_INLINING='1'
SET_MAKE=''
SHELL='/bin/sh'
STRIP=''
VERSION='0.16vice'
ac_ct_CXX='g++'
am__EXEEXT_FALSE=''
am__EXEEXT_TRUE='#'
am__fastdepCXX_FALSE='#'
am__fastdepCXX_TRUE=''
am__include='include'
am__isrc=''
am__leading_dot='.'
am__nodep='_no'
am__quote=''
am__tar='$${TAR-tar} chof - "$$tardir"'
am__untar='$${TAR-tar} xf -'
bindir='${exec_prefix}/bin'
build='x86_64-apple-darwin19.3.0'
build_alias=''
build_cpu='x86_64'
build_os='darwin19.3.0'
build_vendor='apple'
datadir='${datarootdir}'
datarootdir='${prefix}/share'
docdir='${datarootdir}/doc/${PACKAGE}'
dvidir='${docdir}'
exec_prefix='${prefix}'
host='x86_64-apple-darwin19.3.0'
host_alias=''
host_cpu='x86_64'
host_os='darwin19.3.0'
host_vendor='apple'
htmldir='${docdir}'
includedir='${prefix}/include'
infodir='${datarootdir}/info'
install_sh='${SHELL} /Volumes/Data/projects/emulators/vice-3.4/install-sh'
libdir='${exec_prefix}/lib'
libexecdir='${exec_prefix}/libexec'
localedir='${datarootdir}/locale'
localstatedir='${prefix}/var'
mandir='${datarootdir}/man'
mkdir_p='$(MKDIR_P)'
oldincludedir='/usr/include'
pdfdir='${docdir}'
prefix='/usr/local'
program_transform_name='s,x,x,'
psdir='${docdir}'
sbindir='${exec_prefix}/sbin'
sharedstatedir='${prefix}/com'
sysconfdir='${prefix}/etc'
target_alias=''

## ----------- ##
## confdefs.h. ##
## ----------- ##

/* confdefs.h */
#define PACKAGE_NAME ""
#define PACKAGE_TARNAME ""
#define PACKAGE_VERSION ""
#define PACKAGE_STRING ""
#define PACKAGE_BUGREPORT ""
#define PACKAGE_URL ""
#define PACKAGE "resid"
#define VERSION "0.16vice"
#define STDC_HEADERS 1
#define HAVE_SYS_TYPES_H 1
#define HAVE_SYS_STAT_H 1
#define HAVE_STDLIB_H 1
#define HAVE_STRING_H 1
#define HAVE_MEMORY_H 1
#define HAVE_STRINGS_H 1
#define HAVE_INTTYPES_H 1
#define HAVE_STDINT_H 1
#define HAVE_UNISTD_H 1
#define SIZEOF_INT 4

configure: exit 0
