This file contains any messages produced by compilers while
running configure, to aid debugging if configure makes a mistake.

It was created by configure, which was
generated by GNU Autoconf 2.68.  Invocation command line was

  $ ./configure --disable-option-checking --prefix=/usr/local --cache-file=/dev/null --srcdir=.

## --------- ##
## Platform. ##
## --------- ##

hostname = Daniels-Mac-Pro.local
uname -m = x86_64
uname -r = 12.4.0
uname -s = Darwin
uname -v = Darwin Kernel Version 12.4.0: Wed May  1 17:57:12 PDT 2013; root:xnu-2050.24.15~1/RELEASE_X86_64

/usr/bin/uname -p = i386
/bin/uname -X     = unknown

/bin/arch              = unknown
/usr/bin/arch -k       = unknown
/usr/convex/getsysinfo = unknown
/usr/bin/hostinfo      = Mach kernel version:
	 Darwin Kernel Version 12.4.0: Wed May  1 17:57:12 PDT 2013; root:xnu-2050.24.15~1/RELEASE_X86_64
Kernel configured for up to 4 processors.
4 processors are physically available.
4 processors are logically available.
Processor type: i486 (Intel 80486)
Processors active: 0 1 2 3
Primary memory available: 8.00 gigabytes
Default processor set: 144 tasks, 910 threads, 4 processors
Load average: 3.31, Mach factor: 1.22
/bin/machine           = unknown
/usr/bin/oslevel       = unknown
/bin/universe          = unknown

PATH: /usr/local/bin
PATH: /usr/bin
PATH: /bin
PATH: /usr/sbin
PATH: /sbin
PATH: /usr/local/bin
PATH: /opt/X11/bin


## ----------- ##
## Core tests. ##
## ----------- ##

configure:2141: checking for a BSD-compatible install
configure:2209: result: /usr/bin/install -c
configure:2220: checking whether build environment is sane
configure:2270: result: yes
configure:2411: checking for a thread-safe mkdir -p
configure:2450: result: ./../../install-sh -c -d
configure:2463: checking for gawk
configure:2493: result: no
configure:2463: checking for mawk
configure:2493: result: no
configure:2463: checking for nawk
configure:2493: result: no
configure:2463: checking for awk
configure:2479: found /usr/bin/awk
configure:2490: result: awk
configure:2501: checking whether make sets $(MAKE)
configure:2523: result: yes
configure:2687: checking for g++
configure:2703: found /usr/bin/g++
configure:2714: result: g++
configure:2741: checking for C++ compiler version
configure:2750: g++ --version >&5
i686-apple-darwin11-llvm-g++-4.2 (GCC) 4.2.1 (Based on Apple Inc. build 5658) (LLVM build 2336.11.00)
Copyright (C) 2007 Free Software Foundation, Inc.
This is free software; see the source for copying conditions.  There is NO
warranty; not even for MERCHANTABILITY or FITNESS FOR A PARTICULAR PURPOSE.

configure:2761: $? = 0
configure:2750: g++ -v >&5
Using built-in specs.
Target: i686-apple-darwin11
Configured with: /private/var/tmp/llvmgcc42/llvmgcc42-2336.11~182/src/configure --disable-checking --enable-werror --prefix=/Applications/Xcode.app/Contents/Developer/usr/llvm-gcc-4.2 --mandir=/share/man --enable-languages=c,objc,c++,obj-c++ --program-prefix=llvm- --program-transform-name=/^[cg][^.-]*$/s/$/-4.2/ --with-slibdir=/usr/lib --build=i686-apple-darwin11 --enable-llvm=/private/var/tmp/llvmgcc42/llvmgcc42-2336.11~182/dst-llvmCore/Developer/usr/local --program-prefix=i686-apple-darwin11- --host=x86_64-apple-darwin11 --target=i686-apple-darwin11 --with-gxx-include-dir=/usr/include/c++/4.2.1
Thread model: posix
gcc version 4.2.1 (Based on Apple Inc. build 5658) (LLVM build 2336.11.00)
configure:2761: $? = 0
configure:2750: g++ -V >&5
llvm-g++-4.2: argument to `-V' is missing
configure:2761: $? = 1
configure:2750: g++ -qversion >&5
i686-apple-darwin11-llvm-g++-4.2: no input files
configure:2761: $? = 1
configure:2781: checking whether the C++ compiler works
configure:2803: g++    conftest.cpp  >&5
configure:2807: $? = 0
configure:2855: result: yes
configure:2858: checking for C++ compiler default output file name
configure:2860: result: a.out
configure:2866: checking for suffix of executables
configure:2873: g++ -o conftest    conftest.cpp  >&5
configure:2877: $? = 0
configure:2899: result: 
configure:2921: checking whether we are cross compiling
configure:2929: g++ -o conftest    conftest.cpp  >&5
configure:2933: $? = 0
configure:2940: ./conftest
configure:2944: $? = 0
configure:2959: result: no
configure:2964: checking for suffix of object files
configure:2986: g++ -c   conftest.cpp >&5
configure:2990: $? = 0
configure:3011: result: o
configure:3015: checking whether we are using the GNU C++ compiler
configure:3034: g++ -c   conftest.cpp >&5
configure:3034: $? = 0
configure:3043: result: yes
configure:3052: checking whether g++ accepts -g
configure:3072: g++ -c -g  conftest.cpp >&5
configure:3072: $? = 0
configure:3113: result: yes
configure:3147: checking for style of include used by make
configure:3175: result: GNU
configure:3201: checking dependency style of g++
configure:3312: result: gcc3
configure:3331: checking whether the C++ compiler (g++ -g -Wall -O2 -funroll-loops -fomit-frame-pointer -fno-exceptions ) works
configure:3345: g++ -c -g -Wall -O2 -funroll-loops -fomit-frame-pointer -fno-exceptions  conftest.cpp >&5
conftest.cpp: In function 'int main()':
conftest.cpp:15: warning: unused variable 'test'
configure:3345: $? = 0
configure:3346: result: yes
configure:3360: checking for ar
configure:3376: found /usr/bin/ar
configure:3388: result: ar
configure:3439: checking for ranlib
configure:3455: found /usr/bin/ranlib
configure:3466: result: ranlib
configure:3490: checking for perl
configure:3508: found /usr/bin/perl
configure:3520: result: /usr/bin/perl
configure:3538: checking how to run the C++ preprocessor
configure:3565: g++ -E  conftest.cpp
configure:3565: $? = 0
configure:3579: g++ -E  conftest.cpp
conftest.cpp:11:28: error: ac_nonexistent.h: No such file or directory
configure:3579: $? = 1
configure: failed program was:
| /* confdefs.h */
| #define PACKAGE_NAME ""
| #define PACKAGE_TARNAME ""
| #define PACKAGE_VERSION ""
| #define PACKAGE_STRING ""
| #define PACKAGE_BUGREPORT ""
| #define PACKAGE_URL ""
| #define PACKAGE "resid"
| #define VERSION "0.16vice"
| /* end confdefs.h.  */
| #include <ac_nonexistent.h>
configure:3604: result: g++ -E
configure:3624: g++ -E  conftest.cpp
configure:3624: $? = 0
configure:3638: g++ -E  conftest.cpp
conftest.cpp:11:28: error: ac_nonexistent.h: No such file or directory
configure:3638: $? = 1
configure: failed program was:
| /* confdefs.h */
| #define PACKAGE_NAME ""
| #define PACKAGE_TARNAME ""
| #define PACKAGE_VERSION ""
| #define PACKAGE_STRING ""
| #define PACKAGE_BUGREPORT ""
| #define PACKAGE_URL ""
| #define PACKAGE "resid"
| #define VERSION "0.16vice"
| /* end confdefs.h.  */
| #include <ac_nonexistent.h>
configure:3667: checking for grep that handles long lines and -e
configure:3725: result: /usr/bin/grep
configure:3730: checking for egrep
configure:3792: result: /usr/bin/grep -E
configure:3797: checking for ANSI C header files
configure:3817: g++ -c -g -Wall -O2 -funroll-loops -fomit-frame-pointer -fno-exceptions  conftest.cpp >&5
configure:3817: $? = 0
configure:3890: g++ -o conftest -g -Wall -O2 -funroll-loops -fomit-frame-pointer -fno-exceptions   conftest.cpp  >&5
configure:3890: $? = 0
configure:3890: ./conftest
configure:3890: $? = 0
configure:3901: result: yes
configure:3914: checking for sys/types.h
configure:3914: g++ -c -g -Wall -O2 -funroll-loops -fomit-frame-pointer -fno-exceptions  conftest.cpp >&5
configure:3914: $? = 0
configure:3914: result: yes
configure:3914: checking for sys/stat.h
configure:3914: g++ -c -g -Wall -O2 -funroll-loops -fomit-frame-pointer -fno-exceptions  conftest.cpp >&5
configure:3914: $? = 0
configure:3914: result: yes
configure:3914: checking for stdlib.h
configure:3914: g++ -c -g -Wall -O2 -funroll-loops -fomit-frame-pointer -fno-exceptions  conftest.cpp >&5
configure:3914: $? = 0
configure:3914: result: yes
configure:3914: checking for string.h
configure:3914: g++ -c -g -Wall -O2 -funroll-loops -fomit-frame-pointer -fno-exceptions  conftest.cpp >&5
configure:3914: $? = 0
configure:3914: result: yes
configure:3914: checking for memory.h
configure:3914: g++ -c -g -Wall -O2 -funroll-loops -fomit-frame-pointer -fno-exceptions  conftest.cpp >&5
configure:3914: $? = 0
configure:3914: result: yes
configure:3914: checking for strings.h
configure:3914: g++ -c -g -Wall -O2 -funroll-loops -fomit-frame-pointer -fno-exceptions  conftest.cpp >&5
configure:3914: $? = 0
configure:3914: result: yes
configure:3914: checking for inttypes.h
configure:3914: g++ -c -g -Wall -O2 -funroll-loops -fomit-frame-pointer -fno-exceptions  conftest.cpp >&5
configure:3914: $? = 0
configure:3914: result: yes
configure:3914: checking for stdint.h
configure:3914: g++ -c -g -Wall -O2 -funroll-loops -fomit-frame-pointer -fno-exceptions  conftest.cpp >&5
configure:3914: $? = 0
configure:3914: result: yes
configure:3914: checking for unistd.h
configure:3914: g++ -c -g -Wall -O2 -funroll-loops -fomit-frame-pointer -fno-exceptions  conftest.cpp >&5
configure:3914: $? = 0
configure:3914: result: yes
configure:3930: checking size of int
configure:3935: g++ -o conftest -g -Wall -O2 -funroll-loops -fomit-frame-pointer -fno-exceptions   conftest.cpp  >&5
configure:3935: $? = 0
configure:3935: ./conftest
configure:3935: $? = 0
configure:3949: result: 4
configure:3964: checking for working bool
configure:3982: g++ -c -g -Wall -O2 -funroll-loops -fomit-frame-pointer -fno-exceptions  conftest.cpp >&5
conftest.cpp: In function 'int main()':
conftest.cpp:27: warning: unused variable 'flag'
configure:3982: $? = 0
configure:3989: result: yes
configure:4000: checking if the mmintrin.h include can be used
configure:4013: g++ -c -g -Wall -O2 -funroll-loops -fomit-frame-pointer -fno-exceptions  conftest.cpp >&5
conftest.cpp: In function 'int main()':
conftest.cpp:26: warning: unused variable 'test'
configure:4013: $? = 0
configure:4014: result: yes
configure:4228: creating ./config.status

## ---------------------- ##
## Running config.status. ##
## ---------------------- ##

This file was extended by config.status, which was
generated by GNU Autoconf 2.68.  Invocation command line was

  CONFIG_FILES    = 
  CONFIG_HEADERS  = 
  CONFIG_LINKS    = 
  CONFIG_COMMANDS = 
  $ ./config.status 

on Daniels-Mac-Pro.local

config.status:792: creating Makefile
config.status:792: creating siddtvdefs.h
config.status:964: executing depfiles commands

## ---------------- ##
## Cache variables. ##
## ---------------- ##

ac_cv_cxx_bool=yes
ac_cv_cxx_compiler_gnu=yes
ac_cv_env_CCC_set=
ac_cv_env_CCC_value=
ac_cv_env_CPPFLAGS_set=
ac_cv_env_CPPFLAGS_value=
ac_cv_env_CXXCPP_set=
ac_cv_env_CXXCPP_value=
ac_cv_env_CXXFLAGS_set=
ac_cv_env_CXXFLAGS_value=
ac_cv_env_CXX_set=
ac_cv_env_CXX_value=
ac_cv_env_LDFLAGS_set=
ac_cv_env_LDFLAGS_value=
ac_cv_env_LIBS_set=
ac_cv_env_LIBS_value=
ac_cv_env_build_alias_set=
ac_cv_env_build_alias_value=
ac_cv_env_host_alias_set=
ac_cv_env_host_alias_value=
ac_cv_env_target_alias_set=
ac_cv_env_target_alias_value=
ac_cv_header_inttypes_h=yes
ac_cv_header_memory_h=yes
ac_cv_header_stdc=yes
ac_cv_header_stdint_h=yes
ac_cv_header_stdlib_h=yes
ac_cv_header_string_h=yes
ac_cv_header_strings_h=yes
ac_cv_header_sys_stat_h=yes
ac_cv_header_sys_types_h=yes
ac_cv_header_unistd_h=yes
ac_cv_objext=o
ac_cv_path_EGREP='/usr/bin/grep -E'
ac_cv_path_GREP=/usr/bin/grep
ac_cv_path_PERL=/usr/bin/perl
ac_cv_path_install='/usr/bin/install -c'
ac_cv_prog_AR=ar
ac_cv_prog_AWK=awk
ac_cv_prog_CXXCPP='g++ -E'
ac_cv_prog_ac_ct_CXX=g++
ac_cv_prog_ac_ct_RANLIB=ranlib
ac_cv_prog_cxx_g=yes
ac_cv_prog_make_make_set=yes
ac_cv_sizeof_int=4
am_cv_CXX_dependencies_compiler_type=gcc3

## ----------------- ##
## Output variables. ##
## ----------------- ##

ACLOCAL='${SHELL} /Users/danielnagel/Downloads/vice-2.4/missing --run aclocal-1.11'
AMDEPBACKSLASH='\'
AMDEP_FALSE='#'
AMDEP_TRUE=''
AMTAR='$${TAR-tar}'
AR='ar'
AUTOCONF='${SHELL} /Users/danielnagel/Downloads/vice-2.4/missing --run autoconf'
AUTOHEADER='${SHELL} /Users/danielnagel/Downloads/vice-2.4/missing --run autoheader'
AUTOMAKE='${SHELL} /Users/danielnagel/Downloads/vice-2.4/missing --run automake-1.11'
AWK='awk'
CPPFLAGS=''
CXX='g++'
CXXCPP='g++ -E'
CXXDEPMODE='depmode=gcc3'
CXXFLAGS='-g -Wall -O2 -funroll-loops -fomit-frame-pointer -fno-exceptions'
CYGPATH_W='echo'
DEFS='-DPACKAGE_NAME=\"\" -DPACKAGE_TARNAME=\"\" -DPACKAGE_VERSION=\"\" -DPACKAGE_STRING=\"\" -DPACKAGE_BUGREPORT=\"\" -DPACKAGE_URL=\"\" -DPACKAGE=\"resid\" -DVERSION=\"0.16vice\" -DSTDC_HEADERS=1 -DHAVE_SYS_TYPES_H=1 -DHAVE_SYS_STAT_H=1 -DHAVE_STDLIB_H=1 -DHAVE_STRING_H=1 -DHAVE_MEMORY_H=1 -DHAVE_STRINGS_H=1 -DHAVE_INTTYPES_H=1 -DHAVE_STDINT_H=1 -DHAVE_UNISTD_H=1 -DSIZEOF_INT=4'
DEPDIR='.deps'
ECHO_C='\c'
ECHO_N=''
ECHO_T=''
EGREP='/usr/bin/grep -E'
EXEEXT=''
GREP='/usr/bin/grep'
HAVE_MMINTRIN_H='1'
INSTALL_DATA='${INSTALL} -m 644'
INSTALL_PROGRAM='${INSTALL}'
INSTALL_SCRIPT='${INSTALL}'
INSTALL_STRIP_PROGRAM='$(install_sh) -c -s'
LDFLAGS=''
LIBOBJS=''
LIBS=''
LTLIBOBJS=''
MAKEINFO='${SHELL} /Users/danielnagel/Downloads/vice-2.4/missing --run makeinfo'
MKDIR_P='./../../install-sh -c -d'
OBJEXT='o'
PACKAGE='resid'
PACKAGE_BUGREPORT=''
PACKAGE_NAME=''
PACKAGE_STRING=''
PACKAGE_TARNAME=''
PACKAGE_URL=''
PACKAGE_VERSION=''
PATH_SEPARATOR=':'
PERL='/usr/bin/perl'
RANLIB='ranlib'
RESID_HAVE_BOOL='1'
RESID_INLINE='inline'
RESID_INLINING='1'
SET_MAKE=''
SHELL='/bin/sh'
STRIP=''
VERSION='0.16vice'
ac_ct_CXX='g++'
am__EXEEXT_FALSE=''
am__EXEEXT_TRUE='#'
am__fastdepCXX_FALSE='#'
am__fastdepCXX_TRUE=''
am__include='include'
am__isrc=''
am__leading_dot='.'
am__nodep='_no'
am__quote=''
am__tar='$${TAR-tar} chof - "$$tardir"'
am__untar='$${TAR-tar} xf -'
bindir='${exec_prefix}/bin'
build_alias=''
datadir='${datarootdir}'
datarootdir='${prefix}/share'
docdir='${datarootdir}/doc/${PACKAGE}'
dvidir='${docdir}'
exec_prefix='${prefix}'
host_alias=''
htmldir='${docdir}'
includedir='${prefix}/include'
infodir='${datarootdir}/info'
install_sh='${SHELL} /Users/danielnagel/Downloads/vice-2.4/install-sh'
libdir='${exec_prefix}/lib'
libexecdir='${exec_prefix}/libexec'
localedir='${datarootdir}/locale'
localstatedir='${prefix}/var'
mandir='${datarootdir}/man'
mkdir_p='$(top_builddir)/./../../install-sh -c -d'
oldincludedir='/usr/include'
pdfdir='${docdir}'
prefix='/usr/local'
program_transform_name='s,x,x,'
psdir='${docdir}'
sbindir='${exec_prefix}/sbin'
sharedstatedir='${prefix}/com'
sysconfdir='${prefix}/etc'
target_alias=''

## ----------- ##
## confdefs.h. ##
## ----------- ##

/* confdefs.h */
#define PACKAGE_NAME ""
#define PACKAGE_TARNAME ""
#define PACKAGE_VERSION ""
#define PACKAGE_STRING ""
#define PACKAGE_BUGREPORT ""
#define PACKAGE_URL ""
#define PACKAGE "resid"
#define VERSION "0.16vice"
#define STDC_HEADERS 1
#define HAVE_SYS_TYPES_H 1
#define HAVE_SYS_STAT_H 1
#define HAVE_STDLIB_H 1
#define HAVE_STRING_H 1
#define HAVE_MEMORY_H 1
#define HAVE_STRINGS_H 1
#define HAVE_INTTYPES_H 1
#define HAVE_STDINT_H 1
#define HAVE_UNISTD_H 1
#define SIZEOF_INT 4

configure: exit 0
