This file contains any messages produced by compilers while
running configure, to aid debugging if configure makes a mistake.

It was created by reSID configure 1.0-pre2, which was
generated by GNU Autoconf 2.68.  Invocation command line was

  $ ./configure --disable-option-checking --prefix=/usr/local --cache-file=/dev/null --srcdir=.

## --------- ##
## Platform. ##
## --------- ##

hostname = Daniels-Mac-Pro.local
uname -m = x86_64
uname -r = 12.4.0
uname -s = Darwin
uname -v = Darwin Kernel Version 12.4.0: Wed May  1 17:57:12 PDT 2013; root:xnu-2050.24.15~1/RELEASE_X86_64

/usr/bin/uname -p = i386
/bin/uname -X     = unknown

/bin/arch              = unknown
/usr/bin/arch -k       = unknown
/usr/convex/getsysinfo = unknown
/usr/bin/hostinfo      = Mach kernel version:
	 Darwin Kernel Version 12.4.0: Wed May  1 17:57:12 PDT 2013; root:xnu-2050.24.15~1/RELEASE_X86_64
Kernel configured for up to 4 processors.
4 processors are physically available.
4 processors are logically available.
Processor type: i486 (Intel 80486)
Processors active: 0 1 2 3
Primary memory available: 8.00 gigabytes
Default processor set: 144 tasks, 914 threads, 4 processors
Load average: 3.00, Mach factor: 1.32
/bin/machine           = unknown
/usr/bin/oslevel       = unknown
/bin/universe          = unknown

PATH: /usr/local/bin
PATH: /usr/bin
PATH: /bin
PATH: /usr/sbin
PATH: /sbin
PATH: /usr/local/bin
PATH: /opt/X11/bin


## ----------- ##
## Core tests. ##
## ----------- ##

configure:2244: checking for a BSD-compatible install
configure:2312: result: /usr/bin/install -c
configure:2323: checking whether build environment is sane
configure:2373: result: yes
configure:2514: checking for a thread-safe mkdir -p
configure:2553: result: ./../../install-sh -c -d
configure:2566: checking for gawk
configure:2596: result: no
configure:2566: checking for mawk
configure:2596: result: no
configure:2566: checking for nawk
configure:2596: result: no
configure:2566: checking for awk
configure:2582: found /usr/bin/awk
configure:2593: result: awk
configure:2604: checking whether make sets $(MAKE)
configure:2626: result: yes
configure:2818: checking for g++
configure:2834: found /usr/bin/g++
configure:2845: result: g++
configure:2872: checking for C++ compiler version
configure:2881: g++ --version >&5
i686-apple-darwin11-llvm-g++-4.2 (GCC) 4.2.1 (Based on Apple Inc. build 5658) (LLVM build 2336.11.00)
Copyright (C) 2007 Free Software Foundation, Inc.
This is free software; see the source for copying conditions.  There is NO
warranty; not even for MERCHANTABILITY or FITNESS FOR A PARTICULAR PURPOSE.

configure:2892: $? = 0
configure:2881: g++ -v >&5
Using built-in specs.
Target: i686-apple-darwin11
Configured with: /private/var/tmp/llvmgcc42/llvmgcc42-2336.11~182/src/configure --disable-checking --enable-werror --prefix=/Applications/Xcode.app/Contents/Developer/usr/llvm-gcc-4.2 --mandir=/share/man --enable-languages=c,objc,c++,obj-c++ --program-prefix=llvm- --program-transform-name=/^[cg][^.-]*$/s/$/-4.2/ --with-slibdir=/usr/lib --build=i686-apple-darwin11 --enable-llvm=/private/var/tmp/llvmgcc42/llvmgcc42-2336.11~182/dst-llvmCore/Developer/usr/local --program-prefix=i686-apple-darwin11- --host=x86_64-apple-darwin11 --target=i686-apple-darwin11 --with-gxx-include-dir=/usr/include/c++/4.2.1
Thread model: posix
gcc version 4.2.1 (Based on Apple Inc. build 5658) (LLVM build 2336.11.00)
configure:2892: $? = 0
configure:2881: g++ -V >&5
llvm-g++-4.2: argument to `-V' is missing
configure:2892: $? = 1
configure:2881: g++ -qversion >&5
i686-apple-darwin11-llvm-g++-4.2: no input files
configure:2892: $? = 1
configure:2912: checking whether the C++ compiler works
configure:2934: g++    conftest.cpp  >&5
configure:2938: $? = 0
configure:2986: result: yes
configure:2989: checking for C++ compiler default output file name
configure:2991: result: a.out
configure:2997: checking for suffix of executables
configure:3004: g++ -o conftest    conftest.cpp  >&5
configure:3008: $? = 0
configure:3030: result: 
configure:3052: checking whether we are cross compiling
configure:3060: g++ -o conftest    conftest.cpp  >&5
configure:3064: $? = 0
configure:3071: ./conftest
configure:3075: $? = 0
configure:3090: result: no
configure:3095: checking for suffix of object files
configure:3117: g++ -c   conftest.cpp >&5
configure:3121: $? = 0
configure:3142: result: o
configure:3146: checking whether we are using the GNU C++ compiler
configure:3165: g++ -c   conftest.cpp >&5
configure:3165: $? = 0
configure:3174: result: yes
configure:3183: checking whether g++ accepts -g
configure:3203: g++ -c -g  conftest.cpp >&5
configure:3203: $? = 0
configure:3244: result: yes
configure:3278: checking for style of include used by make
configure:3306: result: GNU
configure:3332: checking dependency style of g++
configure:3443: result: gcc3
configure:3463: checking if the compiler supports -march=native
configure:3479: g++ -c -g -O2 -march=native  conftest.cpp >&5
conftest.cpp:1: error: bad value (native) for -march= switch
conftest.cpp:1: error: bad value (native) for -mtune= switch
configure:3479: $? = 1
configure: failed program was:
| /* confdefs.h */
| #define PACKAGE_NAME "reSID"
| #define PACKAGE_TARNAME "resid"
| #define PACKAGE_VERSION "1.0-pre2"
| #define PACKAGE_STRING "reSID 1.0-pre2"
| #define PACKAGE_BUGREPORT "resid@nimrod.no"
| #define PACKAGE_URL ""
| #define PACKAGE "resid"
| #define VERSION "1.0-pre2"
| /* end confdefs.h.  */
| 
| int
| main ()
| {
| int test;
|   ;
|   return 0;
| }
configure:3484: result: no
configure:3523: checking whether g++ accepts -g -Wall -O3  -ffast-math -fno-exceptions
configure:3529: g++ -c -g -Wall -O3  -ffast-math -fno-exceptions  conftest.cpp >&5
configure:3529: $? = 0
configure:3530: result: yes
configure:3557: checking for ar
configure:3573: found /usr/bin/ar
configure:3585: result: ar
configure:3636: checking for ranlib
configure:3652: found /usr/bin/ranlib
configure:3663: result: ranlib
configure:3687: checking for perl
configure:3705: found /usr/bin/perl
configure:3717: result: /usr/bin/perl
configure:3732: checking how to run the C++ preprocessor
configure:3759: g++ -E  conftest.cpp
configure:3759: $? = 0
configure:3773: g++ -E  conftest.cpp
conftest.cpp:11:28: error: ac_nonexistent.h: No such file or directory
configure:3773: $? = 1
configure: failed program was:
| /* confdefs.h */
| #define PACKAGE_NAME "reSID"
| #define PACKAGE_TARNAME "resid"
| #define PACKAGE_VERSION "1.0-pre2"
| #define PACKAGE_STRING "reSID 1.0-pre2"
| #define PACKAGE_BUGREPORT "resid@nimrod.no"
| #define PACKAGE_URL ""
| #define PACKAGE "resid"
| #define VERSION "1.0-pre2"
| /* end confdefs.h.  */
| #include <ac_nonexistent.h>
configure:3798: result: g++ -E
configure:3818: g++ -E  conftest.cpp
configure:3818: $? = 0
configure:3832: g++ -E  conftest.cpp
conftest.cpp:11:28: error: ac_nonexistent.h: No such file or directory
configure:3832: $? = 1
configure: failed program was:
| /* confdefs.h */
| #define PACKAGE_NAME "reSID"
| #define PACKAGE_TARNAME "resid"
| #define PACKAGE_VERSION "1.0-pre2"
| #define PACKAGE_STRING "reSID 1.0-pre2"
| #define PACKAGE_BUGREPORT "resid@nimrod.no"
| #define PACKAGE_URL ""
| #define PACKAGE "resid"
| #define VERSION "1.0-pre2"
| /* end confdefs.h.  */
| #include <ac_nonexistent.h>
configure:3861: checking for grep that handles long lines and -e
configure:3919: result: /usr/bin/grep
configure:3924: checking for egrep
configure:3986: result: /usr/bin/grep -E
configure:3991: checking for ANSI C header files
configure:4011: g++ -c -g -Wall -O3  -ffast-math -fno-exceptions  conftest.cpp >&5
configure:4011: $? = 0
configure:4084: g++ -o conftest -g -Wall -O3  -ffast-math -fno-exceptions   conftest.cpp  >&5
configure:4084: $? = 0
configure:4084: ./conftest
configure:4084: $? = 0
configure:4095: result: yes
configure:4108: checking for sys/types.h
configure:4108: g++ -c -g -Wall -O3  -ffast-math -fno-exceptions  conftest.cpp >&5
configure:4108: $? = 0
configure:4108: result: yes
configure:4108: checking for sys/stat.h
configure:4108: g++ -c -g -Wall -O3  -ffast-math -fno-exceptions  conftest.cpp >&5
configure:4108: $? = 0
configure:4108: result: yes
configure:4108: checking for stdlib.h
configure:4108: g++ -c -g -Wall -O3  -ffast-math -fno-exceptions  conftest.cpp >&5
configure:4108: $? = 0
configure:4108: result: yes
configure:4108: checking for string.h
configure:4108: g++ -c -g -Wall -O3  -ffast-math -fno-exceptions  conftest.cpp >&5
configure:4108: $? = 0
configure:4108: result: yes
configure:4108: checking for memory.h
configure:4108: g++ -c -g -Wall -O3  -ffast-math -fno-exceptions  conftest.cpp >&5
configure:4108: $? = 0
configure:4108: result: yes
configure:4108: checking for strings.h
configure:4108: g++ -c -g -Wall -O3  -ffast-math -fno-exceptions  conftest.cpp >&5
configure:4108: $? = 0
configure:4108: result: yes
configure:4108: checking for inttypes.h
configure:4108: g++ -c -g -Wall -O3  -ffast-math -fno-exceptions  conftest.cpp >&5
configure:4108: $? = 0
configure:4108: result: yes
configure:4108: checking for stdint.h
configure:4108: g++ -c -g -Wall -O3  -ffast-math -fno-exceptions  conftest.cpp >&5
configure:4108: $? = 0
configure:4108: result: yes
configure:4108: checking for unistd.h
configure:4108: g++ -c -g -Wall -O3  -ffast-math -fno-exceptions  conftest.cpp >&5
configure:4108: $? = 0
configure:4108: result: yes
configure:4120: checking math.h usability
configure:4120: g++ -c -g -Wall -O3  -ffast-math -fno-exceptions  conftest.cpp >&5
configure:4120: $? = 0
configure:4120: result: yes
configure:4120: checking math.h presence
configure:4120: g++ -E  conftest.cpp
configure:4120: $? = 0
configure:4120: result: yes
configure:4120: checking for math.h
configure:4120: result: yes
configure:4133: checking size of int
configure:4138: g++ -o conftest -g -Wall -O3  -ffast-math -fno-exceptions   conftest.cpp  >&5
configure:4138: $? = 0
configure:4138: ./conftest
configure:4138: $? = 0
configure:4152: result: 4
configure:4167: checking for working bool
configure:4176: g++ -c -g -Wall -O3  -ffast-math -fno-exceptions  conftest.cpp >&5
configure:4176: $? = 0
configure:4183: result: yes
configure:4194: checking for __builtin_expect
configure:4203: g++ -c -g -Wall -O3  -ffast-math -fno-exceptions  conftest.cpp >&5
configure:4203: $? = 0
configure:4210: result: yes
configure:4389: creating ./config.status

## ---------------------- ##
## Running config.status. ##
## ---------------------- ##

This file was extended by reSID config.status 1.0-pre2, which was
generated by GNU Autoconf 2.68.  Invocation command line was

  CONFIG_FILES    = 
  CONFIG_HEADERS  = 
  CONFIG_LINKS    = 
  CONFIG_COMMANDS = 
  $ ./config.status 

on Daniels-Mac-Pro.local

config.status:793: creating Makefile
config.status:793: creating siddefs.h
config.status:965: executing depfiles commands

## ---------------- ##
## Cache variables. ##
## ---------------- ##

ac_cv_cxx_compiler_gnu=yes
ac_cv_env_CCC_set=
ac_cv_env_CCC_value=
ac_cv_env_CPPFLAGS_set=
ac_cv_env_CPPFLAGS_value=
ac_cv_env_CXXCPP_set=
ac_cv_env_CXXCPP_value=
ac_cv_env_CXXFLAGS_set=
ac_cv_env_CXXFLAGS_value=
ac_cv_env_CXX_set=
ac_cv_env_CXX_value=
ac_cv_env_LDFLAGS_set=
ac_cv_env_LDFLAGS_value=
ac_cv_env_LIBS_set=
ac_cv_env_LIBS_value=
ac_cv_env_build_alias_set=
ac_cv_env_build_alias_value=
ac_cv_env_host_alias_set=
ac_cv_env_host_alias_value=
ac_cv_env_target_alias_set=
ac_cv_env_target_alias_value=
ac_cv_header_inttypes_h=yes
ac_cv_header_math_h=yes
ac_cv_header_memory_h=yes
ac_cv_header_stdc=yes
ac_cv_header_stdint_h=yes
ac_cv_header_stdlib_h=yes
ac_cv_header_string_h=yes
ac_cv_header_strings_h=yes
ac_cv_header_sys_stat_h=yes
ac_cv_header_sys_types_h=yes
ac_cv_header_unistd_h=yes
ac_cv_objext=o
ac_cv_path_EGREP='/usr/bin/grep -E'
ac_cv_path_GREP=/usr/bin/grep
ac_cv_path_PERL=/usr/bin/perl
ac_cv_path_install='/usr/bin/install -c'
ac_cv_prog_AR=ar
ac_cv_prog_AWK=awk
ac_cv_prog_CXXCPP='g++ -E'
ac_cv_prog_ac_ct_CXX=g++
ac_cv_prog_ac_ct_RANLIB=ranlib
ac_cv_prog_cxx_g=yes
ac_cv_prog_make_make_set=yes
ac_cv_sizeof_int=4
am_cv_CXX_dependencies_compiler_type=gcc3
resid_cv_builtin_expect=yes
resid_cv_cxx_bool=yes

## ----------------- ##
## Output variables. ##
## ----------------- ##

ACLOCAL='${SHELL} /Users/danielnagel/Downloads/vice-2.4/missing --run aclocal-1.11'
AMDEPBACKSLASH='\'
AMDEP_FALSE='#'
AMDEP_TRUE=''
AMTAR='$${TAR-tar}'
AR='ar'
AUTOCONF='${SHELL} /Users/danielnagel/Downloads/vice-2.4/missing --run autoconf'
AUTOHEADER='${SHELL} /Users/danielnagel/Downloads/vice-2.4/missing --run autoheader'
AUTOMAKE='${SHELL} /Users/danielnagel/Downloads/vice-2.4/missing --run automake-1.11'
AWK='awk'
CPPFLAGS=''
CXX='g++'
CXXCPP='g++ -E'
CXXDEPMODE='depmode=gcc3'
CXXFLAGS='-g -Wall -O3  -ffast-math -fno-exceptions'
CYGPATH_W='echo'
DEFS='-DPACKAGE_NAME=\"reSID\" -DPACKAGE_TARNAME=\"resid\" -DPACKAGE_VERSION=\"1.0-pre2\" -DPACKAGE_STRING=\"reSID\ 1.0-pre2\" -DPACKAGE_BUGREPORT=\"resid@nimrod.no\" -DPACKAGE_URL=\"\" -DPACKAGE=\"resid\" -DVERSION=\"1.0-pre2\" -DSTDC_HEADERS=1 -DHAVE_SYS_TYPES_H=1 -DHAVE_SYS_STAT_H=1 -DHAVE_STDLIB_H=1 -DHAVE_STRING_H=1 -DHAVE_MEMORY_H=1 -DHAVE_STRINGS_H=1 -DHAVE_INTTYPES_H=1 -DHAVE_STDINT_H=1 -DHAVE_UNISTD_H=1 -DSIZEOF_INT=4'
DEPDIR='.deps'
ECHO_C='\c'
ECHO_N=''
ECHO_T=''
EGREP='/usr/bin/grep -E'
EXEEXT=''
GREP='/usr/bin/grep'
HAVE_BOOL='1'
HAVE_BUILTIN_EXPECT='1'
INSTALL_DATA='${INSTALL} -m 644'
INSTALL_PROGRAM='${INSTALL}'
INSTALL_SCRIPT='${INSTALL}'
INSTALL_STRIP_PROGRAM='$(install_sh) -c -s'
LDFLAGS=''
LIBOBJS=''
LIBS=''
LTLIBOBJS=''
MAKEINFO='${SHELL} /Users/danielnagel/Downloads/vice-2.4/missing --run makeinfo'
MKDIR_P='./../../install-sh -c -d'
OBJEXT='o'
PACKAGE='resid'
PACKAGE_BUGREPORT='resid@nimrod.no'
PACKAGE_NAME='reSID'
PACKAGE_STRING='reSID 1.0-pre2'
PACKAGE_TARNAME='resid'
PACKAGE_URL=''
PACKAGE_VERSION='1.0-pre2'
PATH_SEPARATOR=':'
PERL='/usr/bin/perl'
RANLIB='ranlib'
RESID_BRANCH_HINTS='1'
RESID_INLINE='inline'
RESID_INLINING='1'
SET_MAKE=''
SHELL='/bin/sh'
STRIP=''
VERSION='1.0-pre2'
ac_ct_CXX='g++'
am__EXEEXT_FALSE=''
am__EXEEXT_TRUE='#'
am__fastdepCXX_FALSE='#'
am__fastdepCXX_TRUE=''
am__include='include'
am__isrc=''
am__leading_dot='.'
am__nodep='_no'
am__quote=''
am__tar='$${TAR-tar} chof - "$$tardir"'
am__untar='$${TAR-tar} xf -'
bindir='${exec_prefix}/bin'
build_alias=''
datadir='${datarootdir}'
datarootdir='${prefix}/share'
docdir='${datarootdir}/doc/${PACKAGE_TARNAME}'
dvidir='${docdir}'
exec_prefix='${prefix}'
host_alias=''
htmldir='${docdir}'
includedir='${prefix}/include'
infodir='${datarootdir}/info'
install_sh='${SHELL} /Users/danielnagel/Downloads/vice-2.4/install-sh'
libdir='${exec_prefix}/lib'
libexecdir='${exec_prefix}/libexec'
localedir='${datarootdir}/locale'
localstatedir='${prefix}/var'
mandir='${datarootdir}/man'
mkdir_p='$(top_builddir)/./../../install-sh -c -d'
oldincludedir='/usr/include'
pdfdir='${docdir}'
prefix='/usr/local'
program_transform_name='s,x,x,'
psdir='${docdir}'
sbindir='${exec_prefix}/sbin'
sharedstatedir='${prefix}/com'
sysconfdir='${prefix}/etc'
target_alias=''

## ----------- ##
## confdefs.h. ##
## ----------- ##

/* confdefs.h */
#define PACKAGE_NAME "reSID"
#define PACKAGE_TARNAME "resid"
#define PACKAGE_VERSION "1.0-pre2"
#define PACKAGE_STRING "reSID 1.0-pre2"
#define PACKAGE_BUGREPORT "resid@nimrod.no"
#define PACKAGE_URL ""
#define PACKAGE "resid"
#define VERSION "1.0-pre2"
#define STDC_HEADERS 1
#define HAVE_SYS_TYPES_H 1
#define HAVE_SYS_STAT_H 1
#define HAVE_STDLIB_H 1
#define HAVE_STRING_H 1
#define HAVE_MEMORY_H 1
#define HAVE_STRINGS_H 1
#define HAVE_INTTYPES_H 1
#define HAVE_STDINT_H 1
#define HAVE_UNISTD_H 1
#define SIZEOF_INT 4

configure: exit 0
